{"CustomerName":"Steven Mills","City":"Fort Myers","StateProvince":"Florida","PostalCode":"33913"}
{"CustomerName":"Stephen Jacobs","City":"San Francisco","StateProvince":"California","PostalCode":"94164"}
{"CustomerName":"Ernest Fox","City":"San Antonio","StateProvince":"Texas","PostalCode":"78250"}
{"CustomerName":"Susan Jones","City":"Tallahassee","StateProvince":"Florida","PostalCode":"32304"}
{"CustomerName":"Martin Lopez","City":"Bakersfield","StateProvince":"California","PostalCode":"93311"}
{"CustomerName":"Joshua Woods","City":"Lincoln","StateProvince":"Nebraska","PostalCode":"68524"}
{"CustomerName":"Terry Reed","City":"Huntington","StateProvince":"West Virginia","PostalCode":"25770"}
{"CustomerName":"Gary Robinson","City":"Phoenix","StateProvince":"Arizona","PostalCode":"85030"}
{"CustomerName":"Paula Martinez","City":"Bryan","StateProvince":"Texas","PostalCode":"77806"}
{"CustomerName":"Julia Palmer","City":"Rochester","StateProvince":"New York","PostalCode":"14652"}
{"CustomerName":"Heather Olson","City":"Jamaica","StateProvince":"New York","PostalCode":"11447"}
{"CustomerName":"Diane Dixon","City":"Cincinnati","StateProvince":"Ohio","PostalCode":"45999"}
{"CustomerName":"Raymond Crawford","City":"Charlotte","StateProvince":"North Carolina","PostalCode":"28215"}
{"CustomerName":"Patricia Garrett","City":"Jacksonville","StateProvince":"Florida","PostalCode":"32244"}
{"CustomerName":"Jonathan Garcia","City":"Omaha","StateProvince":"Nebraska","PostalCode":"68179"}
{"CustomerName":"Frank Medina","City":"Cincinnati","StateProvince":"Ohio","PostalCode":"45243"}
{"CustomerName":"John Kelley","City":"Anchorage","StateProvince":"Alaska","PostalCode":"99522"}
{"CustomerName":"Irene Perez","City":"Fort Myers","StateProvince":"Florida","PostalCode":"33913"}
{"CustomerName":"Jeremy Fernandez","City":"Portsmouth","StateProvince":"New Hampshire","PostalCode":"03804"}
{"CustomerName":"Jose Patterson","City":"Oakland","StateProvince":"California","PostalCode":"94660"}
{"CustomerName":"Diane Wells","City":"Dayton","StateProvince":"Ohio","PostalCode":"45408"}
{"CustomerName":"Catherine Richards","City":"Cape Coral","StateProvince":"Florida","PostalCode":"33915"}
{"CustomerName":"Joan Lawson","City":"San Francisco","StateProvince":"California","PostalCode":"94154"}
{"CustomerName":"Justin Collins","City":"Washington","StateProvince":"District of Columbia","PostalCode":"20430"}
{"CustomerName":"Adam Schmidt","City":"Lexington","StateProvince":"Kentucky","PostalCode":"40505"}
{"CustomerName":"Justin Williams","City":"Washington","StateProvince":"District of Columbia","PostalCode":"20392"}
{"CustomerName":"Denise Gilbert","City":"Minneapolis","StateProvince":"Minnesota","PostalCode":"55470"}
{"CustomerName":"Jeremy Rivera","City":"Shreveport","StateProvince":"Louisiana","PostalCode":"71151"}
{"CustomerName":"Julie Allen","City":"New York City","StateProvince":"New York","PostalCode":"10292"}
{"CustomerName":"Rose Freeman","City":"Mobile","StateProvince":"Alabama","PostalCode":"36670"}
{"CustomerName":"Nancy Porter","City":"Kansas City","StateProvince":"Missouri","PostalCode":"64136"}
{"CustomerName":"Jerry Gardner","City":"Kansas City","StateProvince":"Missouri","PostalCode":"64144"}
{"CustomerName":"Benjamin Simpson","City":"Boise","StateProvince":"Idaho","PostalCode":"83727"}
{"CustomerName":"Eric Medina","City":"Fort Myers","StateProvince":"Florida","PostalCode":"33913"}
{"CustomerName":"Keith Hicks","City":"Chicago","StateProvince":"Illinois","PostalCode":"60663"}
{"CustomerName":"Victor Cunningham","City":"Reno","StateProvince":"Nevada","PostalCode":"89550"}
{"CustomerName":"Juan Jones","City":"Milwaukee","StateProvince":"Wisconsin","PostalCode":"53234"}
{"CustomerName":"Matthew Moreno","City":"Pinellas Park","StateProvince":"Florida","PostalCode":"34665"}
{"CustomerName":"Betty Kim","City":"Fort Worth","StateProvince":"Texas","PostalCode":"76162"}
{"CustomerName":"Randy Bailey","City":"Lexington","StateProvince":"Kentucky","PostalCode":"40524"}
{"CustomerName":"Martha Johnston","City":"Montgomery","StateProvince":"Alabama","PostalCode":"36104"}
{"CustomerName":"Joyce Marshall","City":"Salt Lake City","StateProvince":"Utah","PostalCode":"84135"}
{"CustomerName":"Betty Webb","City":"Lakewood","StateProvince":"Washington","PostalCode":"98498"}
{"CustomerName":"Pamela Perez","City":"Kansas City","StateProvince":"Kansas","PostalCode":"66112"}
{"CustomerName":"Catherine Clark","City":"Inglewood","StateProvince":"California","PostalCode":"90398"}
{"CustomerName":"Eric Oliver","City":"Everett","StateProvince":"Washington","PostalCode":"98206"}
{"CustomerName":"Sharon King","City":"Harrisburg","StateProvince":"Pennsylvania","PostalCode":"17140"}
{"CustomerName":"Mary Burns","City":"Colorado Springs","StateProvince":"Colorado","PostalCode":"80920"}
{"CustomerName":"Elizabeth Garza","City":"Boise","StateProvince":"Idaho","PostalCode":"83722"}
{"CustomerName":"Phyllis Evans","City":"Wilmington","StateProvince":"North Carolina","PostalCode":"28405"}
{"CustomerName":"Edward Chapman","City":"Tulsa","StateProvince":"Oklahoma","PostalCode":"74184"}
{"CustomerName":"Harold Flores","City":"Austin","StateProvince":"Texas","PostalCode":"78726"}
{"CustomerName":"Kevin Mason","City":"Saint Paul","StateProvince":"Minnesota","PostalCode":"55114"}
{"CustomerName":"Linda Frazier","City":"Des Moines","StateProvince":"Iowa","PostalCode":"50330"}
{"CustomerName":"Fred Montgomery","City":"Shreveport","StateProvince":"Louisiana","PostalCode":"71137"}
{"CustomerName":"Laura Sanders","City":"Boston","StateProvince":"Massachusetts","PostalCode":"02124"}
{"CustomerName":"Joyce Cox","City":"Tacoma","StateProvince":"Washington","PostalCode":"98481"}
{"CustomerName":"Jesse Perry","City":"New Orleans","StateProvince":"Louisiana","PostalCode":"70129"}
{"CustomerName":"Ralph Stone","City":"Evanston","StateProvince":"Illinois","PostalCode":"60208"}
{"CustomerName":"Jesse Ray","City":"Columbia","StateProvince":"South Carolina","PostalCode":"29240"}
{"CustomerName":"Wayne Carpenter","City":"Frederick","StateProvince":"Maryland","PostalCode":"21705"}
{"CustomerName":"Mary Wallace","City":"Cincinnati","StateProvince":"Ohio","PostalCode":"45243"}
{"CustomerName":"Margaret Williamson","City":"Lansing","StateProvince":"Michigan","PostalCode":"48956"}
{"CustomerName":"Nicole Griffin","City":"Largo","StateProvince":"Florida","PostalCode":"34643"}
{"CustomerName":"Carlos Brown","City":"San Antonio","StateProvince":"Texas","PostalCode":"78240"}
{"CustomerName":"Linda Bennett","City":"Fresno","StateProvince":"California","PostalCode":"93773"}
{"CustomerName":"Theresa Parker","City":"Suffolk","StateProvince":"Virginia","PostalCode":"23436"}
{"CustomerName":"Catherine Ramirez","City":"Jamaica","StateProvince":"New York","PostalCode":"11407"}
{"CustomerName":"Jason Alvarez","City":"Huntington","StateProvince":"West Virginia","PostalCode":"25721"}
{"CustomerName":"Henry Rose","City":"Washington","StateProvince":"District of Columbia","PostalCode":"20420"}
{"CustomerName":"Steve Riley","City":"Bryan","StateProvince":"Texas","PostalCode":"77806"}
{"CustomerName":"Louise Chavez","City":"Rochester","StateProvince":"New York","PostalCode":"14624"}
{"CustomerName":"Martin Baker","City":"South Bend","StateProvince":"Indiana","PostalCode":"46634"}
{"CustomerName":"Laura Holmes","City":"New York City","StateProvince":"New York","PostalCode":"10150"}
{"CustomerName":"Stephanie Smith","City":"Saint Louis","StateProvince":"Missouri","PostalCode":"63167"}
{"CustomerName":"Janice Fowler","City":"Peoria","StateProvince":"Illinois","PostalCode":"61635"}
{"CustomerName":"Donald Brown","City":"Fort Myers","StateProvince":"Florida","PostalCode":"33906"}
{"CustomerName":"Nancy Graham","City":"Fort Myers","StateProvince":"Florida","PostalCode":"33913"}
{"CustomerName":"Juan Knight","City":"Bakersfield","StateProvince":"California","PostalCode":"93305"}
{"CustomerName":"Alice Ramos","City":"Vero Beach","StateProvince":"Florida","PostalCode":"32964"}
{"CustomerName":"Jane Carroll","City":"Houston","StateProvince":"Texas","PostalCode":"77070"}
{"CustomerName":"Tammy Perkins","City":"Sacramento","StateProvince":"California","PostalCode":"95813"}
{"CustomerName":"Matthew Roberts","City":"Tucson","StateProvince":"Arizona","PostalCode":"85710"}
{"CustomerName":"Judy Bell","City":"Tacoma","StateProvince":"Washington","PostalCode":"98411"}
{"CustomerName":"Ruth Green","City":"Dallas","StateProvince":"Texas","PostalCode":"75251"}
{"CustomerName":"Scott Willis","City":"New York City","StateProvince":"New York","PostalCode":"10160"}
{"CustomerName":"Katherine Russell","City":"Dallas","StateProvince":"Texas","PostalCode":"75353"}
{"CustomerName":"Billy Hill","City":"Richmond","StateProvince":"Virginia","PostalCode":"23203"}
{"CustomerName":"Lawrence Willis","City":"Atlanta","StateProvince":"Georgia","PostalCode":"31196"}
{"CustomerName":"Craig Sanders","City":"Saint Louis","StateProvince":"Missouri","PostalCode":"63158"}
{"CustomerName":"Ashley Pierce","City":"Roanoke","StateProvince":"Virginia","PostalCode":"24029"}
{"CustomerName":"Lois Garcia","City":"Montpelier","StateProvince":"Vermont","PostalCode":"05609"}
{"CustomerName":"Kathleen Rose","City":"El Paso","StateProvince":"Texas","PostalCode":"88519"}
{"CustomerName":"Billy Hall","City":"Cleveland","StateProvince":"Ohio","PostalCode":"44177"}
{"CustomerName":"Ashley Burke","City":"San Antonio","StateProvince":"Texas","PostalCode":"78240"}
{"CustomerName":"Shirley Black","City":"Chicago","StateProvince":"Illinois","PostalCode":"60697"}
{"CustomerName":"Paul Welch","City":"Tampa","StateProvince":"Florida","PostalCode":"33694"}
{"CustomerName":"Louise Garrett","City":"Van Nuys","StateProvince":"California","PostalCode":"91499"}
{"CustomerName":"Albert Hicks","City":"Henderson","StateProvince":"Nevada","PostalCode":"89074"}
{"CustomerName":"Gary Reed","City":"Las Vegas","StateProvince":"Nevada","PostalCode":"89140"}
{"CustomerName":"Marilyn Lawson","City":"Vienna","StateProvince":"Virginia","PostalCode":"22184"}
{"CustomerName":"Jessica Gardner","City":"Tulsa","StateProvince":"Oklahoma","PostalCode":"74108"}
{"CustomerName":"Betty Rivera","City":"Topeka","StateProvince":"Kansas","PostalCode":"66667"}
{"CustomerName":"Arthur Richardson","City":"Fort Smith","StateProvince":"Arkansas","PostalCode":"72916"}
{"CustomerName":"Albert Martinez","City":"Jackson","StateProvince":"Mississippi","PostalCode":"39210"}
{"CustomerName":"Carlos Pierce","City":"Boca Raton","StateProvince":"Florida","PostalCode":"33487"}
{"CustomerName":"Samuel Henderson","City":"Roanoke","StateProvince":"Virginia","PostalCode":"24034"}
{"CustomerName":"Carl Kelly","City":"Detroit","StateProvince":"Michigan","PostalCode":"48275"}
{"CustomerName":"Carolyn Tucker","City":"Baltimore","StateProvince":"Maryland","PostalCode":"21203"}
{"CustomerName":"Anthony Wells","City":"Glendale","StateProvince":"California","PostalCode":"91205"}
{"CustomerName":"Beverly Payne","City":"Rochester","StateProvince":"New York","PostalCode":"14624"}
{"CustomerName":"Paula Shaw","City":"Dallas","StateProvince":"Texas","PostalCode":"75226"}
{"CustomerName":"Ronald Robinson","City":"Cleveland","StateProvince":"Ohio","PostalCode":"44191"}
{"CustomerName":"Tina Franklin","City":"Lafayette","StateProvince":"Louisiana","PostalCode":"70505"}
{"CustomerName":"Nicholas Rivera","City":"Baltimore","StateProvince":"Maryland","PostalCode":"21290"}
{"CustomerName":"Kimberly Bradley","City":"San Diego","StateProvince":"California","PostalCode":"92165"}
{"CustomerName":"Joyce Hanson","City":"Wilkes Barre","StateProvince":"Pennsylvania","PostalCode":"18768"}
{"CustomerName":"Catherine Armstrong","City":"Minneapolis","StateProvince":"Minnesota","PostalCode":"55407"}
{"CustomerName":"Heather Dixon","City":"Oklahoma City","StateProvince":"Oklahoma","PostalCode":"73173"}
{"CustomerName":"Ashley Mason","City":"Washington","StateProvince":"District of Columbia","PostalCode":"20503"}
{"CustomerName":"Todd Fowler","City":"Atlanta","StateProvince":"Georgia","PostalCode":"31165"}
{"CustomerName":"Anne Hughes","City":"Fort Worth","StateProvince":"Texas","PostalCode":"76134"}
{"CustomerName":"Janice James","City":"Palm Bay","StateProvince":"Florida","PostalCode":"32909"}
{"CustomerName":"Joseph Morris","City":"Longview","StateProvince":"Texas","PostalCode":"75605"}
{"CustomerName":"Alan Duncan","City":"El Paso","StateProvince":"Texas","PostalCode":"79934"}
{"CustomerName":"Stephen Brooks","City":"Pompano Beach","StateProvince":"Florida","PostalCode":"33075"}
{"CustomerName":"Lisa Hanson","City":"Chandler","StateProvince":"Arizona","PostalCode":"85246"}
{"CustomerName":"Jason Campbell","City":"Atlanta","StateProvince":"Georgia","PostalCode":"30386"}
{"CustomerName":"Ralph Reed","City":"Jeffersonville","StateProvince":"Indiana","PostalCode":"47134"}
{"CustomerName":"Henry Chapman","City":"Honolulu","StateProvince":"Hawaii","PostalCode":"96845"}
{"CustomerName":"Stephanie Sims","City":"Fort Collins","StateProvince":"Colorado","PostalCode":"80525"}
{"CustomerName":"Christine Hunt","City":"Mobile","StateProvince":"Alabama","PostalCode":"36610"}
{"CustomerName":"Frances Jones","City":"Tampa","StateProvince":"Florida","PostalCode":"33605"}
{"CustomerName":"Walter Richards","City":"Norwalk","StateProvince":"Connecticut","PostalCode":"06859"}
{"CustomerName":"Jimmy Harrison","City":"Erie","StateProvince":"Pennsylvania","PostalCode":"16565"}
{"CustomerName":"Ruth Boyd","City":"Pompano Beach","StateProvince":"Florida","PostalCode":"33069"}
{"CustomerName":"Charles Morales","City":"Colorado Springs","StateProvince":"Colorado","PostalCode":"80915"}
{"CustomerName":"Janice Rogers","City":"Saint Louis","StateProvince":"Missouri","PostalCode":"63116"}
{"CustomerName":"Katherine Cruz","City":"Detroit","StateProvince":"Michigan","PostalCode":"48217"}
{"CustomerName":"Robert Peterson","City":"Tyler","StateProvince":"Texas","PostalCode":"75799"}
{"CustomerName":"Jonathan Peters","City":"El Paso","StateProvince":"Texas","PostalCode":"79923"}
{"CustomerName":"Christine Schmidt","City":"Columbus","StateProvince":"Ohio","PostalCode":"43240"}
{"CustomerName":"Dorothy Bailey","City":"Colorado Springs","StateProvince":"Colorado","PostalCode":"80945"}
{"CustomerName":"Teresa Porter","City":"Washington","StateProvince":"District of Columbia","PostalCode":"20591"}
{"CustomerName":"Roy Fisher","City":"Sacramento","StateProvince":"California","PostalCode":"94280"}
{"CustomerName":"Louis Ellis","City":"Sarasota","StateProvince":"Florida","PostalCode":"34238"}
{"CustomerName":"Andrew Matthews","City":"Salt Lake City","StateProvince":"Utah","PostalCode":"84170"}
{"CustomerName":"Nancy Kelly","City":"Houston","StateProvince":"Texas","PostalCode":"77240"}
{"CustomerName":"Jose Mcdonald","City":"Jackson","StateProvince":"Mississippi","PostalCode":"39216"}
{"CustomerName":"Raymond Day","City":"Fort Wayne","StateProvince":"Indiana","PostalCode":"46814"}
{"CustomerName":"Peter Garcia","City":"Los Angeles","StateProvince":"California","PostalCode":"90045"}
{"CustomerName":"Chris Wheeler","City":"Omaha","StateProvince":"Nebraska","PostalCode":"68110"}
{"CustomerName":"Louis Cunningham","City":"Denver","StateProvince":"Colorado","PostalCode":"80255"}
{"CustomerName":"Harry Cook","City":"Sacramento","StateProvince":"California","PostalCode":"94250"}
{"CustomerName":"Douglas Berry","City":"New York City","StateProvince":"New York","PostalCode":"10024"}
{"CustomerName":"Janet Evans","City":"Dayton","StateProvince":"Ohio","PostalCode":"45414"}
{"CustomerName":"Albert James","City":"Salt Lake City","StateProvince":"Utah","PostalCode":"84125"}
{"CustomerName":"Terry Watkins","City":"Oakland","StateProvince":"California","PostalCode":"94611"}
{"CustomerName":"Sean Mccoy","City":"Jamaica","StateProvince":"New York","PostalCode":"11499"}
{"CustomerName":"Jason Matthews","City":"Tallahassee","StateProvince":"Florida","PostalCode":"32314"}
{"CustomerName":"Ralph Roberts","City":"Colorado Springs","StateProvince":"Colorado","PostalCode":"80910"}
{"CustomerName":"Thomas Patterson","City":"Richmond","StateProvince":"Virginia","PostalCode":"23203"}
{"CustomerName":"Victor Fisher","City":"Fort Wayne","StateProvince":"Indiana","PostalCode":"46825"}
{"CustomerName":"Scott Shaw","City":"Arlington","StateProvince":"Virginia","PostalCode":"22234"}
{"CustomerName":"Howard Morgan","City":"Portland","StateProvince":"Oregon","PostalCode":"97206"}
{"CustomerName":"Russell Hamilton","City":"Schaumburg","StateProvince":"Illinois","PostalCode":"60193"}
{"CustomerName":"Harold Perez","City":"Tampa","StateProvince":"Florida","PostalCode":"33633"}
{"CustomerName":"Randy Baker","City":"San Francisco","StateProvince":"California","PostalCode":"94137"}
{"CustomerName":"Brenda Campbell","City":"Boston","StateProvince":"Massachusetts","PostalCode":"02124"}
{"CustomerName":"Kenneth George","City":"San Jose","StateProvince":"California","PostalCode":"95118"}
{"CustomerName":"Robert King","City":"Omaha","StateProvince":"Nebraska","PostalCode":"68179"}
{"CustomerName":"Elizabeth Harper","City":"Knoxville","StateProvince":"Tennessee","PostalCode":"37939"}
{"CustomerName":"Judy Sims","City":"Roanoke","StateProvince":"Virginia","PostalCode":"24009"}
{"CustomerName":"Patrick Hicks","City":"Jackson","StateProvince":"Mississippi","PostalCode":"39236"}
{"CustomerName":"William Stewart","City":"Santa Rosa","StateProvince":"California","PostalCode":"95405"}
{"CustomerName":"Douglas Bowman","City":"Henderson","StateProvince":"Nevada","PostalCode":"89074"}
{"CustomerName":"Lillian Turner","City":"Southfield","StateProvince":"Michigan","PostalCode":"48076"}
{"CustomerName":"Ronald Gonzales","City":"Kansas City","StateProvince":"Missouri","PostalCode":"64153"}
{"CustomerName":"Jessica Harper","City":"Hartford","StateProvince":"Connecticut","PostalCode":"06120"}
{"CustomerName":"David George","City":"Bozeman","StateProvince":"Montana","PostalCode":"59771"}
{"CustomerName":"Carolyn Simmons","City":"Hartford","StateProvince":"Connecticut","PostalCode":"06183"}
{"CustomerName":"Karen Kelly","City":"Buffalo","StateProvince":"New York","PostalCode":"14210"}
{"CustomerName":"Frances Ramirez","City":"Brooklyn","StateProvince":"New York","PostalCode":"11247"}
{"CustomerName":"Beverly Nichols","City":"New Bedford","StateProvince":"Massachusetts","PostalCode":"02745"}
{"CustomerName":"Howard Castillo","City":"Birmingham","StateProvince":"Alabama","PostalCode":"35290"}
{"CustomerName":"Brian Marshall","City":"Jackson","StateProvince":"Mississippi","PostalCode":"39282"}
{"CustomerName":"Lillian Howell","City":"Baltimore","StateProvince":"Maryland","PostalCode":"21265"}
{"CustomerName":"Juan Wallace","City":"Honolulu","StateProvince":"Hawaii","PostalCode":"96840"}
{"CustomerName":"Mildred Vasquez","City":"Washington","StateProvince":"District of Columbia","PostalCode":"20409"}
{"CustomerName":"Clarence Watson","City":"Columbia","StateProvince":"South Carolina","PostalCode":"29203"}
{"CustomerName":"David Rivera","City":"Arlington","StateProvince":"Texas","PostalCode":"76011"}
{"CustomerName":"Eric Adams","City":"Amarillo","StateProvince":"Texas","PostalCode":"79171"}
{"CustomerName":"Howard Johnston","City":"Des Moines","StateProvince":"Iowa","PostalCode":"50320"}
{"CustomerName":"Cheryl Riley","City":"Fresno","StateProvince":"California","PostalCode":"93709"}
{"CustomerName":"Irene Nelson","City":"Brockton","StateProvince":"Massachusetts","PostalCode":"02405"}
{"CustomerName":"Marilyn Hughes","City":"Columbia","StateProvince":"South Carolina","PostalCode":"29225"}
{"CustomerName":"David Turner","City":"Augusta","StateProvince":"Georgia","PostalCode":"30905"}
{"CustomerName":"Rose Kennedy","City":"Myrtle Beach","StateProvince":"South Carolina","PostalCode":"29579"}
{"CustomerName":"Amanda Anderson","City":"Peoria","StateProvince":"Illinois","PostalCode":"61605"}
{"CustomerName":"Donna Walker","City":"Houston","StateProvince":"Texas","PostalCode":"77271"}
{"CustomerName":"Matthew Hayes","City":"Hollywood","StateProvince":"Florida","PostalCode":"33023"}
{"CustomerName":"Amanda Ferguson","City":"Grand Forks","StateProvince":"North Dakota","PostalCode":"58207"}
{"CustomerName":"Kathy Reid","City":"Abilene","StateProvince":"Texas","PostalCode":"79605"}
{"CustomerName":"Jerry Hunter","City":"Norman","StateProvince":"Oklahoma","PostalCode":"73071"}
{"CustomerName":"Jean Gutierrez","City":"El Paso","StateProvince":"Texas","PostalCode":"88584"}
{"CustomerName":"Billy Lopez","City":"Anchorage","StateProvince":"Alaska","PostalCode":"99512"}
{"CustomerName":"Nicole Owens","City":"Charlotte","StateProvince":"North Carolina","PostalCode":"28230"}
{"CustomerName":"Diane Alexander","City":"Orlando","StateProvince":"Florida","PostalCode":"32813"}
{"CustomerName":"Karen Flores","City":"Milwaukee","StateProvince":"Wisconsin","PostalCode":"53205"}
{"CustomerName":"Anthony Gonzalez","City":"Bradenton","StateProvince":"Florida","PostalCode":"34205"}
{"CustomerName":"Maria Torres","City":"Fort Worth","StateProvince":"Texas","PostalCode":"76162"}
{"CustomerName":"Mary Tucker","City":"Springfield","StateProvince":"Missouri","PostalCode":"65898"}
{"CustomerName":"Sean Anderson","City":"Washington","StateProvince":"District of Columbia","PostalCode":"20540"}
{"CustomerName":"Julie Reyes","City":"New York City","StateProvince":"New York","PostalCode":"10280"}
{"CustomerName":"Maria Baker","City":"Annapolis","StateProvince":"Maryland","PostalCode":"21405"}
{"CustomerName":"Lawrence Wheeler","City":"Lexington","StateProvince":"Kentucky","PostalCode":"40546"}
{"CustomerName":"Richard Lee","City":"Metairie","StateProvince":"Louisiana","PostalCode":"70033"}
{"CustomerName":"Kathy Reid","City":"Birmingham","StateProvince":"Alabama","PostalCode":"35290"}
{"CustomerName":"Roger Wells","City":"Chicago","StateProvince":"Illinois","PostalCode":"60630"}
{"CustomerName":"Aaron Chavez","City":"Greeley","StateProvince":"Colorado","PostalCode":"80638"}
{"CustomerName":"Shirley Freeman","City":"Migrate","StateProvince":"Kentucky","PostalCode":"41905"}
{"CustomerName":"Jimmy Gutierrez","City":"Knoxville","StateProvince":"Tennessee","PostalCode":"37914"}
{"CustomerName":"Sarah Pierce","City":"Oakland","StateProvince":"California","PostalCode":"94605"}
{"CustomerName":"Chris Lawrence","City":"Washington","StateProvince":"District of Columbia","PostalCode":"20599"}
{"CustomerName":"Kenneth Montgomery","City":"Biloxi","StateProvince":"Mississippi","PostalCode":"39534"}
{"CustomerName":"Larry Jackson","City":"Indianapolis","StateProvince":"Indiana","PostalCode":"46239"}
{"CustomerName":"Louise Nelson","City":"Washington","StateProvince":"District of Columbia","PostalCode":"20530"}
{"CustomerName":"Linda Gutierrez","City":"Tulsa","StateProvince":"Oklahoma","PostalCode":"74170"}
{"CustomerName":"Daniel Garcia","City":"Arlington","StateProvince":"Texas","PostalCode":"76016"}
{"CustomerName":"David Peterson","City":"San Diego","StateProvince":"California","PostalCode":"92145"}
{"CustomerName":"Rose Ortiz","City":"Columbia","StateProvince":"Missouri","PostalCode":"65211"}
{"CustomerName":"Ashley Rose","City":"Lynn","StateProvince":"Massachusetts","PostalCode":"01905"}
{"CustomerName":"Kimberly Morris","City":"Omaha","StateProvince":"Nebraska","PostalCode":"68110"}
{"CustomerName":"Larry Harvey","City":"Dayton","StateProvince":"Ohio","PostalCode":"45432"}
{"CustomerName":"Charles Cunningham","City":"Long Beach","StateProvince":"California","PostalCode":"90810"}
{"CustomerName":"Lawrence Fowler","City":"Sarasota","StateProvince":"Florida","PostalCode":"34233"}
{"CustomerName":"Samuel Boyd","City":"Pensacola","StateProvince":"Florida","PostalCode":"32595"}
{"CustomerName":"Lori Gutierrez","City":"Mountain View","StateProvince":"California","PostalCode":"94042"}
{"CustomerName":"Nancy Howard","City":"Dayton","StateProvince":"Ohio","PostalCode":"45419"}
{"CustomerName":"Joe Robertson","City":"Denton","StateProvince":"Texas","PostalCode":"76205"}
{"CustomerName":"John Ellis","City":"Suffolk","StateProvince":"Virginia","PostalCode":"23436"}
{"CustomerName":"Robert Robinson","City":"Sacramento","StateProvince":"California","PostalCode":"94230"}
{"CustomerName":"Jessica Rivera","City":"Columbus","StateProvince":"Georgia","PostalCode":"31998"}
{"CustomerName":"Joan Holmes","City":"Jamaica","StateProvince":"New York","PostalCode":"11480"}
{"CustomerName":"Raymond Robinson","City":"Houston","StateProvince":"Texas","PostalCode":"77223"}
{"CustomerName":"Timothy Stephens","City":"Lansing","StateProvince":"Michigan","PostalCode":"48956"}
{"CustomerName":"Angela Mills","City":"Austin","StateProvince":"Texas","PostalCode":"78764"}
{"CustomerName":"Jessica Nelson","City":"Salinas","StateProvince":"California","PostalCode":"93907"}
{"CustomerName":"Rebecca Lopez","City":"Corpus Christi","StateProvince":"Texas","PostalCode":"78470"}
{"CustomerName":"Shawn Howard","City":"New York City","StateProvince":"New York","PostalCode":"10175"}
{"CustomerName":"Henry Romero","City":"Hyattsville","StateProvince":"Maryland","PostalCode":"20784"}
{"CustomerName":"Louis Black","City":"Akron","StateProvince":"Ohio","PostalCode":"44321"}
{"CustomerName":"Eric Reid","City":"Fort Collins","StateProvince":"Colorado","PostalCode":"80525"}
{"CustomerName":"Sandra Ramirez","City":"Utica","StateProvince":"New York","PostalCode":"13505"}
{"CustomerName":"Gary Moore","City":"Columbia","StateProvince":"Missouri","PostalCode":"65211"}
{"CustomerName":"Irene Rice","City":"Chicago","StateProvince":"Illinois","PostalCode":"60614"}
{"CustomerName":"Barbara Reid","City":"Gary","StateProvince":"Indiana","PostalCode":"46406"}
{"CustomerName":"Ernest Lopez","City":"Little Rock","StateProvince":"Arkansas","PostalCode":"72209"}
{"CustomerName":"Timothy Flores","City":"Los Angeles","StateProvince":"California","PostalCode":"90060"}
{"CustomerName":"Catherine Freeman","City":"Ventura","StateProvince":"California","PostalCode":"93005"}
{"CustomerName":"Janice Smith","City":"Corpus Christi","StateProvince":"Texas","PostalCode":"78410"}
{"CustomerName":"Sara Palmer","City":"Colorado Springs","StateProvince":"Colorado","PostalCode":"80925"}
{"CustomerName":"Robin Frazier","City":"Boulder","StateProvince":"Colorado","PostalCode":"80305"}
{"CustomerName":"Deborah Murray","City":"Laredo","StateProvince":"Texas","PostalCode":"78044"}
{"CustomerName":"Roy Crawford","City":"Kansas City","StateProvince":"Kansas","PostalCode":"66160"}
{"CustomerName":"Raymond Thomas","City":"Greenville","StateProvince":"South Carolina","PostalCode":"29615"}
{"CustomerName":"Justin Peterson","City":"Jacksonville","StateProvince":"Florida","PostalCode":"32220"}
{"CustomerName":"Gloria Bowman","City":"Montgomery","StateProvince":"Alabama","PostalCode":"36119"}
{"CustomerName":"Shawn Evans","City":"Springfield","StateProvince":"Illinois","PostalCode":"62764"}
{"CustomerName":"Cheryl Simmons","City":"Young America","StateProvince":"Minnesota","PostalCode":"55557"}
{"CustomerName":"Cynthia Morgan","City":"Colorado Springs","StateProvince":"Colorado","PostalCode":"80910"}
{"CustomerName":"Betty Ford","City":"Lansing","StateProvince":"Michigan","PostalCode":"48919"}
{"CustomerName":"Brenda Stone","City":"Longview","StateProvince":"Texas","PostalCode":"75605"}
{"CustomerName":"Patricia Lane","City":"Richmond","StateProvince":"Virginia","PostalCode":"23272"}
{"CustomerName":"Brandon Morgan","City":"Plano","StateProvince":"Texas","PostalCode":"75074"}
{"CustomerName":"Howard Mccoy","City":"Salt Lake City","StateProvince":"Utah","PostalCode":"84110"}
{"CustomerName":"George Lopez","City":"Hollywood","StateProvince":"Florida","PostalCode":"33028"}
{"CustomerName":"Theresa Peters","City":"Harrisburg","StateProvince":"Pennsylvania","PostalCode":"17126"}
{"CustomerName":"Shawn Ellis","City":"Stockton","StateProvince":"California","PostalCode":"95205"}
{"CustomerName":"Christine Alexander","City":"San Antonio","StateProvince":"Texas","PostalCode":"78220"}
{"CustomerName":"Gloria Butler","City":"North Port","StateProvince":"Florida","PostalCode":"34290"}
{"CustomerName":"Kathryn Fields","City":"San Jose","StateProvince":"California","PostalCode":"95194"}
{"CustomerName":"Kimberly Payne","City":"Pasadena","StateProvince":"California","PostalCode":"91109"}
{"CustomerName":"Raymond Stevens","City":"Tyler","StateProvince":"Texas","PostalCode":"75710"}
{"CustomerName":"Janice Gordon","City":"Littleton","StateProvince":"Colorado","PostalCode":"80161"}
{"CustomerName":"Ernest Johnston","City":"Wichita","StateProvince":"Kansas","PostalCode":"67236"}
{"CustomerName":"Brandon Hansen","City":"El Paso","StateProvince":"Texas","PostalCode":"79968"}
{"CustomerName":"Richard Stone","City":"Washington","StateProvince":"District of Columbia","PostalCode":"20041"}
{"CustomerName":"Johnny Green","City":"Corpus Christi","StateProvince":"Texas","PostalCode":"78465"}
{"CustomerName":"Brenda Weaver","City":"Brooklyn","StateProvince":"New York","PostalCode":"11254"}
{"CustomerName":"Ralph White","City":"Tyler","StateProvince":"Texas","PostalCode":"75799"}
{"CustomerName":"Arthur Weaver","City":"Colorado Springs","StateProvince":"Colorado","PostalCode":"80935"}
{"CustomerName":"Debra Peters","City":"Stockton","StateProvince":"California","PostalCode":"95205"}
{"CustomerName":"Lois Reed","City":"Colorado Springs","StateProvince":"Colorado","PostalCode":"80905"}
{"CustomerName":"Andrew Cook","City":"Macon","StateProvince":"Georgia","PostalCode":"31210"}
{"CustomerName":"Nicole Stanley","City":"Colorado Springs","StateProvince":"Colorado","PostalCode":"80940"}
{"CustomerName":"Robin Richards","City":"Boise","StateProvince":"Idaho","PostalCode":"83711"}
{"CustomerName":"Peter Hernandez","City":"Minneapolis","StateProvince":"Minnesota","PostalCode":"55470"}
{"CustomerName":"Christine Rivera","City":"Hollywood","StateProvince":"Florida","PostalCode":"33023"}
{"CustomerName":"Christine Jordan","City":"Saginaw","StateProvince":"Michigan","PostalCode":"48609"}
{"CustomerName":"Cheryl Robertson","City":"Denver","StateProvince":"Colorado","PostalCode":"80270"}
{"CustomerName":"Andrew Ellis","City":"Lawrenceville","StateProvince":"Georgia","PostalCode":"30045"}
{"CustomerName":"Peter Crawford","City":"Richmond","StateProvince":"Virginia","PostalCode":"23272"}
{"CustomerName":"Gerald Ford","City":"Lakeland","StateProvince":"Florida","PostalCode":"33811"}
{"CustomerName":"Tina Ross","City":"Denver","StateProvince":"Colorado","PostalCode":"80223"}
{"CustomerName":"Norma Garrett","City":"Columbus","StateProvince":"Ohio","PostalCode":"43220"}
{"CustomerName":"Kathleen Harrison","City":"Orlando","StateProvince":"Florida","PostalCode":"32803"}
{"CustomerName":"Judith Peterson","City":"Cincinnati","StateProvince":"Ohio","PostalCode":"45228"}
{"CustomerName":"Carl Nelson","City":"Wilmington","StateProvince":"North Carolina","PostalCode":"28410"}
{"CustomerName":"Peter Miller","City":"Saint Louis","StateProvince":"Missouri","PostalCode":"63126"}
{"CustomerName":"Shirley Spencer","City":"Augusta","StateProvince":"Georgia","PostalCode":"30911"}
{"CustomerName":"Lois Fuller","City":"Tacoma","StateProvince":"Washington","PostalCode":"98424"}
{"CustomerName":"Jeffrey Simpson","City":"New York City","StateProvince":"New York","PostalCode":"10039"}
{"CustomerName":"Elizabeth Thompson","City":"Washington","StateProvince":"District of Columbia","PostalCode":"20022"}
{"CustomerName":"Joan Simpson","City":"New Orleans","StateProvince":"Louisiana","PostalCode":"70174"}
{"CustomerName":"Barbara Ramos","City":"Reno","StateProvince":"Nevada","PostalCode":"89550"}
{"CustomerName":"Nancy Walker","City":"Beaverton","StateProvince":"Oregon","PostalCode":"97075"}
{"CustomerName":"Elizabeth Johnston","City":"Amarillo","StateProvince":"Texas","PostalCode":"79159"}
{"CustomerName":"Paula Perkins","City":"Lexington","StateProvince":"Kentucky","PostalCode":"40510"}
{"CustomerName":"Laura Barnes","City":"Saint Paul","StateProvince":"Minnesota","PostalCode":"55172"}
{"CustomerName":"Rachel Hall","City":"Washington","StateProvince":"District of Columbia","PostalCode":"20470"}
{"CustomerName":"Timothy Webb","City":"Albuquerque","StateProvince":"New Mexico","PostalCode":"87121"}
{"CustomerName":"Jeremy Willis","City":"Jacksonville","StateProvince":"Florida","PostalCode":"32209"}
{"CustomerName":"Harry Montgomery","City":"Norman","StateProvince":"Oklahoma","PostalCode":"73071"}
{"CustomerName":"Barbara Cole","City":"Philadelphia","StateProvince":"Pennsylvania","PostalCode":"19141"}
{"CustomerName":"Philip Holmes","City":"Metairie","StateProvince":"Louisiana","PostalCode":"70005"}
{"CustomerName":"Clarence Daniels","City":"Orlando","StateProvince":"Florida","PostalCode":"32868"}
{"CustomerName":"Maria Banks","City":"Syracuse","StateProvince":"New York","PostalCode":"13210"}
{"CustomerName":"Diana Olson","City":"El Paso","StateProvince":"Texas","PostalCode":"88579"}
{"CustomerName":"Brian Welch","City":"Milwaukee","StateProvince":"Wisconsin","PostalCode":"53234"}
{"CustomerName":"Theresa Watson","City":"Omaha","StateProvince":"Nebraska","PostalCode":"68197"}
{"CustomerName":"Steve Owens","City":"Salt Lake City","StateProvince":"Utah","PostalCode":"84140"}
{"CustomerName":"Adam Watson","City":"Charleston","StateProvince":"South Carolina","PostalCode":"29403"}
{"CustomerName":"Thomas Dunn","City":"Chicago","StateProvince":"Illinois","PostalCode":"60697"}
{"CustomerName":"Gloria Cook","City":"Washington","StateProvince":"District of Columbia","PostalCode":"20319"}
{"CustomerName":"Eric Simmons","City":"Torrance","StateProvince":"California","PostalCode":"90510"}
{"CustomerName":"Jimmy Stone","City":"Shawnee Mission","StateProvince":"Kansas","PostalCode":"66276"}
{"CustomerName":"Brian Rogers","City":"New York City","StateProvince":"New York","PostalCode":"10099"}
{"CustomerName":"Justin Oliver","City":"Chicago","StateProvince":"Illinois","PostalCode":"60624"}
{"CustomerName":"Beverly Graham","City":"Philadelphia","StateProvince":"Pennsylvania","PostalCode":"19184"}
{"CustomerName":"Amy Lee","City":"Pensacola","StateProvince":"Florida","PostalCode":"32520"}
{"CustomerName":"Lawrence Rogers","City":"Chicago","StateProvince":"Illinois","PostalCode":"60681"}
{"CustomerName":"Peter Griffin","City":"Buffalo","StateProvince":"New York","PostalCode":"14233"}
{"CustomerName":"Julie Lane","City":"Washington","StateProvince":"District of Columbia","PostalCode":"20409"}
{"CustomerName":"Roy Jones","City":"Chicago","StateProvince":"Illinois","PostalCode":"60669"}
{"CustomerName":"Rachel Stephens","City":"Atlanta","StateProvince":"Georgia","PostalCode":"30316"}
{"CustomerName":"Carolyn Roberts","City":"Jersey City","StateProvince":"New Jersey","PostalCode":"07310"}
{"CustomerName":"Johnny Ray","City":"Albany","StateProvince":"New York","PostalCode":"12227"}
{"CustomerName":"Tina Gibson","City":"Houston","StateProvince":"Texas","PostalCode":"77299"}
{"CustomerName":"Earl Diaz","City":"Garland","StateProvince":"Texas","PostalCode":"75049"}
{"CustomerName":"Kevin Lee","City":"Miami","StateProvince":"Florida","PostalCode":"33124"}
{"CustomerName":"Russell Garrett","City":"Kansas City","StateProvince":"Missouri","PostalCode":"64160"}
{"CustomerName":"Aaron Mendoza","City":"Washington","StateProvince":"District of Columbia","PostalCode":"20442"}
{"CustomerName":"Jennifer Boyd","City":"Bridgeport","StateProvince":"Connecticut","PostalCode":"06606"}
{"CustomerName":"Ruth Sanchez","City":"Phoenix","StateProvince":"Arizona","PostalCode":"85083"}
{"CustomerName":"Aaron Mills","City":"Seattle","StateProvince":"Washington","PostalCode":"98121"}
{"CustomerName":"Scott Carpenter","City":"Stamford","StateProvince":"Connecticut","PostalCode":"06922"}
{"CustomerName":"Andrew Hansen","City":"Fresno","StateProvince":"California","PostalCode":"93715"}
{"CustomerName":"Pamela Scott","City":"Springfield","StateProvince":"Illinois","PostalCode":"62756"}
{"CustomerName":"Gregory Collins","City":"Salem","StateProvince":"Oregon","PostalCode":"97312"}
{"CustomerName":"Wayne Garza","City":"New York City","StateProvince":"New York","PostalCode":"10292"}
{"CustomerName":"Nicholas Cole","City":"Sparks","StateProvince":"Nevada","PostalCode":"89436"}
{"CustomerName":"Irene Elliott","City":"Scottsdale","StateProvince":"Arizona","PostalCode":"85271"}
{"CustomerName":"Brandon Hall","City":"San Diego","StateProvince":"California","PostalCode":"92127"}
{"CustomerName":"Earl Stanley","City":"Greensboro","StateProvince":"North Carolina","PostalCode":"27415"}
{"CustomerName":"Shirley Graham","City":"Washington","StateProvince":"District of Columbia","PostalCode":"20238"}
{"CustomerName":"Scott Gilbert","City":"Knoxville","StateProvince":"Tennessee","PostalCode":"37931"}
{"CustomerName":"Mark Andrews","City":"Memphis","StateProvince":"Tennessee","PostalCode":"38109"}
{"CustomerName":"Teresa Anderson","City":"Macon","StateProvince":"Georgia","PostalCode":"31296"}
{"CustomerName":"Tina Burke","City":"San Diego","StateProvince":"California","PostalCode":"92186"}
{"CustomerName":"Anna Nichols","City":"Harrisburg","StateProvince":"Pennsylvania","PostalCode":"17140"}
{"CustomerName":"Norma Cunningham","City":"Peoria","StateProvince":"Arizona","PostalCode":"85383"}
{"CustomerName":"Jean Ramirez","City":"Roanoke","StateProvince":"Virginia","PostalCode":"24024"}
{"CustomerName":"Gregory Bailey","City":"Allentown","StateProvince":"Pennsylvania","PostalCode":"18105"}
{"CustomerName":"Eugene Smith","City":"El Paso","StateProvince":"Texas","PostalCode":"88541"}
{"CustomerName":"Paul King","City":"Savannah","StateProvince":"Georgia","PostalCode":"31416"}
{"CustomerName":"Timothy Torres","City":"New Haven","StateProvince":"Connecticut","PostalCode":"06510"}
{"CustomerName":"Kathryn Hart","City":"Greensboro","StateProvince":"North Carolina","PostalCode":"27415"}
{"CustomerName":"Kathryn Porter","City":"Wichita Falls","StateProvince":"Texas","PostalCode":"76305"}
{"CustomerName":"Deborah Shaw","City":"Lawrenceville","StateProvince":"Georgia","PostalCode":"30245"}
{"CustomerName":"Edward Vasquez","City":"Phoenix","StateProvince":"Arizona","PostalCode":"85010"}
{"CustomerName":"Brenda Hansen","City":"Palo Alto","StateProvince":"California","PostalCode":"94302"}
{"CustomerName":"Jose Sanchez","City":"Charlotte","StateProvince":"North Carolina","PostalCode":"28230"}
{"CustomerName":"Samuel Butler","City":"Jacksonville","StateProvince":"Florida","PostalCode":"32236"}
{"CustomerName":"Raymond Sullivan","City":"Joliet","StateProvince":"Illinois","PostalCode":"60435"}
{"CustomerName":"Janet Ross","City":"El Paso","StateProvince":"Texas","PostalCode":"79989"}
{"CustomerName":"Barbara Riley","City":"Beaufort","StateProvince":"South Carolina","PostalCode":"29905"}
{"CustomerName":"Keith Hawkins","City":"New Castle","StateProvince":"Pennsylvania","PostalCode":"16107"}
{"CustomerName":"Susan Stewart","City":"Stockton","StateProvince":"California","PostalCode":"95219"}
{"CustomerName":"Sandra Fields","City":"Albany","StateProvince":"New York","PostalCode":"12247"}
{"CustomerName":"Edward Mitchell","City":"Aurora","StateProvince":"Colorado","PostalCode":"80044"}
{"CustomerName":"Joan Carr","City":"Phoenix","StateProvince":"Arizona","PostalCode":"85035"}
{"CustomerName":"Gerald Washington","City":"Lancaster","StateProvince":"California","PostalCode":"93584"}
{"CustomerName":"Mark Romero","City":"Austin","StateProvince":"Texas","PostalCode":"78754"}
{"CustomerName":"Elizabeth Cook","City":"Louisville","StateProvince":"Kentucky","PostalCode":"40205"}
{"CustomerName":"Dorothy Garrett","City":"Chicago","StateProvince":"Illinois","PostalCode":"60663"}
{"CustomerName":"Keith White","City":"San Francisco","StateProvince":"California","PostalCode":"94121"}
{"CustomerName":"Bonnie Young","City":"Wilmington","StateProvince":"North Carolina","PostalCode":"28405"}
{"CustomerName":"Wayne Hill","City":"Fort Lauderdale","StateProvince":"Florida","PostalCode":"33330"}
{"CustomerName":"Wayne Vasquez","City":"Birmingham","StateProvince":"Alabama","PostalCode":"35231"}
{"CustomerName":"Heather Adams","City":"Cincinnati","StateProvince":"Ohio","PostalCode":"45999"}
{"CustomerName":"Jeremy Hayes","City":"Boca Raton","StateProvince":"Florida","PostalCode":"33499"}
{"CustomerName":"Howard Burton","City":"Cincinnati","StateProvince":"Ohio","PostalCode":"45228"}
{"CustomerName":"Kevin Allen","City":"New Orleans","StateProvince":"Louisiana","PostalCode":"70149"}
{"CustomerName":"Paul Johnston","City":"Beaumont","StateProvince":"Texas","PostalCode":"77713"}
{"CustomerName":"Julie Lawson","City":"Sacramento","StateProvince":"California","PostalCode":"95828"}
{"CustomerName":"Margaret Wood","City":"Las Vegas","StateProvince":"Nevada","PostalCode":"89115"}
{"CustomerName":"Ruby White","City":"Minneapolis","StateProvince":"Minnesota","PostalCode":"55402"}
{"CustomerName":"Evelyn Willis","City":"San Diego","StateProvince":"California","PostalCode":"92145"}
{"CustomerName":"Phyllis Harper","City":"Washington","StateProvince":"District of Columbia","PostalCode":"20508"}
{"CustomerName":"Victor Hicks","City":"San Jose","StateProvince":"California","PostalCode":"95118"}
{"CustomerName":"Jose Nichols","City":"Memphis","StateProvince":"Tennessee","PostalCode":"38168"}
{"CustomerName":"Richard King","City":"Charleston","StateProvince":"South Carolina","PostalCode":"29416"}
{"CustomerName":"Sara Perkins","City":"Irving","StateProvince":"Texas","PostalCode":"75062"}
{"CustomerName":"Ronald Evans","City":"Austin","StateProvince":"Texas","PostalCode":"78737"}
{"CustomerName":"Mark Nguyen","City":"Chandler","StateProvince":"Arizona","PostalCode":"85246"}
{"CustomerName":"Joan Ward","City":"Boston","StateProvince":"Massachusetts","PostalCode":"02283"}
{"CustomerName":"Terry Brown","City":"Savannah","StateProvince":"Georgia","PostalCode":"31416"}
{"CustomerName":"Steven Gutierrez","City":"Washington","StateProvince":"District of Columbia","PostalCode":"20041"}
{"CustomerName":"Andrew Simmons","City":"Salt Lake City","StateProvince":"Utah","PostalCode":"84125"}
{"CustomerName":"Andrew Nguyen","City":"Memphis","StateProvince":"Tennessee","PostalCode":"38143"}
{"CustomerName":"Jennifer Hawkins","City":"Inglewood","StateProvince":"California","PostalCode":"90398"}
{"CustomerName":"Wanda Mitchell","City":"Washington","StateProvince":"District of Columbia","PostalCode":"56944"}
{"CustomerName":"Lori Martinez","City":"Memphis","StateProvince":"Tennessee","PostalCode":"38126"}
{"CustomerName":"Edward Andrews","City":"Prescott","StateProvince":"Arizona","PostalCode":"86305"}
{"CustomerName":"Benjamin James","City":"San Diego","StateProvince":"California","PostalCode":"92196"}
{"CustomerName":"Dennis Hansen","City":"Metairie","StateProvince":"Louisiana","PostalCode":"70033"}
{"CustomerName":"Michael Baker","City":"San Jose","StateProvince":"California","PostalCode":"95194"}
{"CustomerName":"Jacqueline Gardner","City":"Dearborn","StateProvince":"Michigan","PostalCode":"48126"}
{"CustomerName":"Benjamin Robinson","City":"Rochester","StateProvince":"New York","PostalCode":"14624"}
{"CustomerName":"Andrea Gordon","City":"Huntington","StateProvince":"West Virginia","PostalCode":"25775"}
{"CustomerName":"Gerald Romero","City":"Miami","StateProvince":"Florida","PostalCode":"33134"}
{"CustomerName":"Sean Porter","City":"Tampa","StateProvince":"Florida","PostalCode":"33673"}
{"CustomerName":"Phyllis Andrews","City":"Norfolk","StateProvince":"Virginia","PostalCode":"23520"}
{"CustomerName":"George Lawrence","City":"Toledo","StateProvince":"Ohio","PostalCode":"43699"}
{"CustomerName":"Linda Diaz","City":"Atlanta","StateProvince":"Georgia","PostalCode":"30328"}
{"CustomerName":"Stephanie Kim","City":"Denver","StateProvince":"Colorado","PostalCode":"80279"}
{"CustomerName":"Heather Johnson","City":"Pensacola","StateProvince":"Florida","PostalCode":"32520"}
{"CustomerName":"Aaron Bishop","City":"Fairfax","StateProvince":"Virginia","PostalCode":"22036"}
{"CustomerName":"Jane Welch","City":"Baton Rouge","StateProvince":"Louisiana","PostalCode":"70883"}
{"CustomerName":"Julie Olson","City":"Saint Petersburg","StateProvince":"Florida","PostalCode":"33705"}
{"CustomerName":"Catherine Sanchez","City":"Tampa","StateProvince":"Florida","PostalCode":"33615"}
{"CustomerName":"Thomas Murray","City":"Pittsburgh","StateProvince":"Pennsylvania","PostalCode":"15235"}
{"CustomerName":"Donna Fields","City":"Peoria","StateProvince":"Illinois","PostalCode":"61629"}
{"CustomerName":"Frances Harris","City":"Tucson","StateProvince":"Arizona","PostalCode":"85737"}
{"CustomerName":"John Cox","City":"Scranton","StateProvince":"Pennsylvania","PostalCode":"18505"}
{"CustomerName":"Patrick Stone","City":"Baton Rouge","StateProvince":"Louisiana","PostalCode":"70894"}
{"CustomerName":"Jane Adams","City":"Lexington","StateProvince":"Kentucky","PostalCode":"40581"}
{"CustomerName":"Lois Perry","City":"Sacramento","StateProvince":"California","PostalCode":"95823"}
{"CustomerName":"Victor Riley","City":"Houston","StateProvince":"Texas","PostalCode":"77085"}
{"CustomerName":"Harry Taylor","City":"Saint Joseph","StateProvince":"Missouri","PostalCode":"64504"}
{"CustomerName":"Jean Fuller","City":"Charlotte","StateProvince":"North Carolina","PostalCode":"28263"}
{"CustomerName":"Jason Woods","City":"Atlanta","StateProvince":"Georgia","PostalCode":"30358"}
{"CustomerName":"Kathleen Harris","City":"Tallahassee","StateProvince":"Florida","PostalCode":"32309"}
{"CustomerName":"Carol Jenkins","City":"Albany","StateProvince":"New York","PostalCode":"12262"}
{"CustomerName":"Jacqueline Lewis","City":"Oklahoma City","StateProvince":"Oklahoma","PostalCode":"73167"}
{"CustomerName":"Anne Holmes","City":"Lake Worth","StateProvince":"Florida","PostalCode":"33467"}
{"CustomerName":"Justin Garza","City":"Richmond","StateProvince":"California","PostalCode":"94807"}
{"CustomerName":"Harold Riley","City":"Oakland","StateProvince":"California","PostalCode":"94616"}
{"CustomerName":"Wanda Richards","City":"Austin","StateProvince":"Texas","PostalCode":"78744"}
{"CustomerName":"Lois Wilson","City":"Erie","StateProvince":"Pennsylvania","PostalCode":"16505"}
{"CustomerName":"Douglas Simpson","City":"Abilene","StateProvince":"Texas","PostalCode":"79699"}
{"CustomerName":"Jose Parker","City":"El Paso","StateProvince":"Texas","PostalCode":"88553"}
{"CustomerName":"Christina Simpson","City":"Hartford","StateProvince":"Connecticut","PostalCode":"06152"}
{"CustomerName":"Mary Kim","City":"Philadelphia","StateProvince":"Pennsylvania","PostalCode":"19178"}
{"CustomerName":"Susan Hernandez","City":"Newton","StateProvince":"Massachusetts","PostalCode":"02162"}
{"CustomerName":"Eugene Hunt","City":"Houston","StateProvince":"Texas","PostalCode":"77293"}
{"CustomerName":"Daniel Washington","City":"Falls Church","StateProvince":"Virginia","PostalCode":"22047"}
{"CustomerName":"Patrick Ferguson","City":"Corpus Christi","StateProvince":"Texas","PostalCode":"78465"}
{"CustomerName":"Stephanie Wood","City":"Dallas","StateProvince":"Texas","PostalCode":"75221"}
{"CustomerName":"Kelly Arnold","City":"Redwood City","StateProvince":"California","PostalCode":"94064"}
{"CustomerName":"Marie Wells","City":"New Orleans","StateProvince":"Louisiana","PostalCode":"70179"}
{"CustomerName":"Melissa Miller","City":"Springfield","StateProvince":"Illinois","PostalCode":"62718"}
{"CustomerName":"Cheryl Robertson","City":"Phoenix","StateProvince":"Arizona","PostalCode":"85025"}
{"CustomerName":"Irene Simmons","City":"San Jose","StateProvince":"California","PostalCode":"95150"}
{"CustomerName":"Phillip Day","City":"New York City","StateProvince":"New York","PostalCode":"10110"}
{"CustomerName":"Brian Ross","City":"Cleveland","StateProvince":"Ohio","PostalCode":"44130"}
{"CustomerName":"Ruby Payne","City":"El Paso","StateProvince":"Texas","PostalCode":"88535"}
{"CustomerName":"Carlos Holmes","City":"Savannah","StateProvince":"Georgia","PostalCode":"31416"}
{"CustomerName":"Anna Phillips","City":"Petaluma","StateProvince":"California","PostalCode":"94975"}
{"CustomerName":"Beverly Willis","City":"Cleveland","StateProvince":"Ohio","PostalCode":"44130"}
{"CustomerName":"Jerry Hart","City":"Van Nuys","StateProvince":"California","PostalCode":"91499"}
{"CustomerName":"Juan Bell","City":"Washington","StateProvince":"District of Columbia","PostalCode":"20380"}
{"CustomerName":"Joan Lynch","City":"Cambridge","StateProvince":"Massachusetts","PostalCode":"02142"}
{"CustomerName":"Russell Montgomery","City":"Oklahoma City","StateProvince":"Oklahoma","PostalCode":"73167"}
{"CustomerName":"Walter Moore","City":"San Jose","StateProvince":"California","PostalCode":"95128"}
{"CustomerName":"Ruby Howell","City":"Fort Wayne","StateProvince":"Indiana","PostalCode":"46805"}
{"CustomerName":"Joseph Berry","City":"Fort Wayne","StateProvince":"Indiana","PostalCode":"46862"}
{"CustomerName":"Chris Evans","City":"New Orleans","StateProvince":"Louisiana","PostalCode":"70129"}
{"CustomerName":"Charles Freeman","City":"Orlando","StateProvince":"Florida","PostalCode":"32885"}
{"CustomerName":"Ronald Freeman","City":"Maple Plain","StateProvince":"Minnesota","PostalCode":"55572"}
{"CustomerName":"Julie Snyder","City":"Washington","StateProvince":"District of Columbia","PostalCode":"20508"}
{"CustomerName":"Catherine Burke","City":"Los Angeles","StateProvince":"California","PostalCode":"90065"}
{"CustomerName":"Tina Jones","City":"Atlanta","StateProvince":"Georgia","PostalCode":"30358"}
{"CustomerName":"Rebecca Wood","City":"Alexandria","StateProvince":"Virginia","PostalCode":"22313"}
{"CustomerName":"Kelly Ruiz","City":"Philadelphia","StateProvince":"Pennsylvania","PostalCode":"19196"}
{"CustomerName":"Scott Bowman","City":"Grand Rapids","StateProvince":"Michigan","PostalCode":"49518"}
{"CustomerName":"Sarah Ross","City":"Omaha","StateProvince":"Nebraska","PostalCode":"68144"}
{"CustomerName":"Janet Cruz","City":"Dallas","StateProvince":"Texas","PostalCode":"75226"}
{"CustomerName":"Janice Rice","City":"Daytona Beach","StateProvince":"Florida","PostalCode":"32123"}
{"CustomerName":"Melissa Knight","City":"Chicago","StateProvince":"Illinois","PostalCode":"60641"}
{"CustomerName":"Kathryn Greene","City":"San Diego","StateProvince":"California","PostalCode":"92176"}
{"CustomerName":"Barbara Larson","City":"Fredericksburg","StateProvince":"Virginia","PostalCode":"22405"}
{"CustomerName":"Frances Bradley","City":"Kansas City","StateProvince":"Missouri","PostalCode":"64187"}
{"CustomerName":"Louise Gonzales","City":"Trenton","StateProvince":"New Jersey","PostalCode":"08608"}
{"CustomerName":"Jeremy Welch","City":"Mobile","StateProvince":"Alabama","PostalCode":"36610"}
{"CustomerName":"Kimberly Parker","City":"New Orleans","StateProvince":"Louisiana","PostalCode":"70160"}
{"CustomerName":"Martha Fisher","City":"Canton","StateProvince":"Ohio","PostalCode":"44705"}
{"CustomerName":"Irene Harvey","City":"Norfolk","StateProvince":"Virginia","PostalCode":"23509"}
{"CustomerName":"Victor Gardner","City":"Fort Lauderdale","StateProvince":"Florida","PostalCode":"33330"}
{"CustomerName":"Lillian Rose","City":"Alexandria","StateProvince":"Virginia","PostalCode":"22301"}
{"CustomerName":"Stephen Reynolds","City":"Anderson","StateProvince":"South Carolina","PostalCode":"29625"}
{"CustomerName":"Richard James","City":"Long Beach","StateProvince":"California","PostalCode":"90831"}
{"CustomerName":"Samuel Tucker","City":"Columbus","StateProvince":"Ohio","PostalCode":"43231"}
{"CustomerName":"Paula Kim","City":"Aurora","StateProvince":"Colorado","PostalCode":"80044"}
{"CustomerName":"Wayne Sanders","City":"Laredo","StateProvince":"Texas","PostalCode":"78044"}
{"CustomerName":"Scott Bryant","City":"Santa Cruz","StateProvince":"California","PostalCode":"95064"}
{"CustomerName":"Heather Parker","City":"Roanoke","StateProvince":"Virginia","PostalCode":"24034"}
{"CustomerName":"Cynthia Mendoza","City":"Atlanta","StateProvince":"Georgia","PostalCode":"30351"}
{"CustomerName":"Irene Gomez","City":"Chicago","StateProvince":"Illinois","PostalCode":"60657"}
{"CustomerName":"Mark Evans","City":"Fairbanks","StateProvince":"Alaska","PostalCode":"99790"}
{"CustomerName":"Alice Willis","City":"Des Moines","StateProvince":"Iowa","PostalCode":"50330"}
{"CustomerName":"Frank Knight","City":"Augusta","StateProvince":"Georgia","PostalCode":"30919"}
{"CustomerName":"Jack Roberts","City":"Kingsport","StateProvince":"Tennessee","PostalCode":"37665"}
{"CustomerName":"Peter Henry","City":"Brooklyn","StateProvince":"New York","PostalCode":"11210"}
{"CustomerName":"Emily Austin","City":"Lincoln","StateProvince":"Nebraska","PostalCode":"68524"}
{"CustomerName":"Julia Owens","City":"Grand Rapids","StateProvince":"Michigan","PostalCode":"49518"}
{"CustomerName":"Arthur Medina","City":"Washington","StateProvince":"District of Columbia","PostalCode":"20268"}
{"CustomerName":"Sarah Alvarez","City":"Atlanta","StateProvince":"Georgia","PostalCode":"30316"}
{"CustomerName":"Laura Peterson","City":"Honolulu","StateProvince":"Hawaii","PostalCode":"96845"}
{"CustomerName":"Jeffrey Carpenter","City":"Durham","StateProvince":"North Carolina","PostalCode":"27710"}
{"CustomerName":"Paula Harvey","City":"Hialeah","StateProvince":"Florida","PostalCode":"33013"}
{"CustomerName":"Irene Evans","City":"Bronx","StateProvince":"New York","PostalCode":"10469"}
{"CustomerName":"Billy Anderson","City":"Boston","StateProvince":"Massachusetts","PostalCode":"02119"}
{"CustomerName":"Steve Welch","City":"Brockton","StateProvince":"Massachusetts","PostalCode":"02305"}
{"CustomerName":"Marilyn Mills","City":"Chattanooga","StateProvince":"Tennessee","PostalCode":"37410"}
{"CustomerName":"Lawrence King","City":"Tacoma","StateProvince":"Washington","PostalCode":"98424"}
{"CustomerName":"Mary Thomas","City":"Orlando","StateProvince":"Florida","PostalCode":"32819"}
{"CustomerName":"Donna Martinez","City":"Falls Church","StateProvince":"Virginia","PostalCode":"22047"}
{"CustomerName":"Lillian Hamilton","City":"Denver","StateProvince":"Colorado","PostalCode":"80270"}
{"CustomerName":"Brenda Chapman","City":"Dallas","StateProvince":"Texas","PostalCode":"75353"}
{"CustomerName":"Teresa Ryan","City":"Colorado Springs","StateProvince":"Colorado","PostalCode":"80951"}
{"CustomerName":"Linda Arnold","City":"Oklahoma City","StateProvince":"Oklahoma","PostalCode":"73124"}
{"CustomerName":"Patricia Moore","City":"Saint Paul","StateProvince":"Minnesota","PostalCode":"55115"}
{"CustomerName":"Amy Flores","City":"Seattle","StateProvince":"Washington","PostalCode":"98148"}
{"CustomerName":"Jack Richardson","City":"Orange","StateProvince":"California","PostalCode":"92668"}
{"CustomerName":"Barbara Weaver","City":"Sacramento","StateProvince":"California","PostalCode":"95865"}
{"CustomerName":"Thomas Hanson","City":"Knoxville","StateProvince":"Tennessee","PostalCode":"37939"}
{"CustomerName":"Tammy Kim","City":"Austin","StateProvince":"Texas","PostalCode":"78783"}
{"CustomerName":"Cynthia Montgomery","City":"Brooklyn","StateProvince":"New York","PostalCode":"11241"}
{"CustomerName":"Jerry Price","City":"Memphis","StateProvince":"Tennessee","PostalCode":"38181"}
{"CustomerName":"Richard Hudson","City":"Amarillo","StateProvince":"Texas","PostalCode":"79116"}
{"CustomerName":"Theresa Young","City":"Tallahassee","StateProvince":"Florida","PostalCode":"32399"}
{"CustomerName":"Lori Austin","City":"Toledo","StateProvince":"Ohio","PostalCode":"43635"}
{"CustomerName":"Paul Dunn","City":"Albany","StateProvince":"New York","PostalCode":"12262"}
{"CustomerName":"Benjamin Mitchell","City":"Largo","StateProvince":"Florida","PostalCode":"34643"}
{"CustomerName":"Dorothy Jacobs","City":"Sacramento","StateProvince":"California","PostalCode":"94286"}
{"CustomerName":"Patricia Williamson","City":"Detroit","StateProvince":"Michigan","PostalCode":"48295"}
{"CustomerName":"Louis Alvarez","City":"Austin","StateProvince":"Texas","PostalCode":"78732"}
{"CustomerName":"Gregory Crawford","City":"Concord","StateProvince":"California","PostalCode":"94522"}
{"CustomerName":"Heather Grant","City":"Louisville","StateProvince":"Kentucky","PostalCode":"40220"}
{"CustomerName":"Jonathan Adams","City":"Brooklyn","StateProvince":"New York","PostalCode":"11220"}
{"CustomerName":"Lois Brown","City":"Sacramento","StateProvince":"California","PostalCode":"94291"}
{"CustomerName":"Karen Marshall","City":"Chicago","StateProvince":"Illinois","PostalCode":"60674"}
{"CustomerName":"Terry Morrison","City":"Jacksonville","StateProvince":"Florida","PostalCode":"32215"}
{"CustomerName":"Carolyn Chavez","City":"Rochester","StateProvince":"New York","PostalCode":"14646"}
{"CustomerName":"Christina Gonzales","City":"Bowie","StateProvince":"Maryland","PostalCode":"20719"}
{"CustomerName":"Janice Mcdonald","City":"Montgomery","StateProvince":"Alabama","PostalCode":"36177"}
{"CustomerName":"Phyllis Berry","City":"Orange","StateProvince":"California","PostalCode":"92668"}
{"CustomerName":"Paul Wood","City":"Indianapolis","StateProvince":"Indiana","PostalCode":"46295"}
{"CustomerName":"Nicholas Clark","City":"Fairfax","StateProvince":"Virginia","PostalCode":"22036"}
{"CustomerName":"Joshua Medina","City":"Seattle","StateProvince":"Washington","PostalCode":"98133"}
{"CustomerName":"Jacqueline Harper","City":"Washington","StateProvince":"District of Columbia","PostalCode":"20073"}
{"CustomerName":"Willie Hawkins","City":"Charlotte","StateProvince":"North Carolina","PostalCode":"28225"}
{"CustomerName":"Donald Austin","City":"Santa Rosa","StateProvince":"California","PostalCode":"95405"}
{"CustomerName":"Gary Kennedy","City":"Rochester","StateProvince":"New York","PostalCode":"14683"}
{"CustomerName":"Jennifer Fernandez","City":"Carlsbad","StateProvince":"California","PostalCode":"92013"}
{"CustomerName":"Phillip Evans","City":"Herndon","StateProvince":"Virginia","PostalCode":"22070"}
{"CustomerName":"Janet Oliver","City":"Dallas","StateProvince":"Texas","PostalCode":"75372"}
{"CustomerName":"Annie Duncan","City":"Baltimore","StateProvince":"Maryland","PostalCode":"21216"}
{"CustomerName":"Beverly Davis","City":"Loretto","StateProvince":"Minnesota","PostalCode":"55598"}
{"CustomerName":"Kathleen Lynch","City":"Portsmouth","StateProvince":"New Hampshire","PostalCode":"00214"}
{"CustomerName":"Dorothy Cooper","City":"Detroit","StateProvince":"Michigan","PostalCode":"48258"}
{"CustomerName":"Ruth Watson","City":"South Bend","StateProvince":"Indiana","PostalCode":"46634"}
{"CustomerName":"James Montgomery","City":"Long Beach","StateProvince":"California","PostalCode":"90840"}
{"CustomerName":"Jessica Mason","City":"El Paso","StateProvince":"Texas","PostalCode":"79905"}
{"CustomerName":"Walter Greene","City":"Portland","StateProvince":"Oregon","PostalCode":"97232"}
{"CustomerName":"Angela Garcia","City":"Southfield","StateProvince":"Michigan","PostalCode":"48076"}
{"CustomerName":"Paula Elliott","City":"Miami","StateProvince":"Florida","PostalCode":"33164"}
{"CustomerName":"Phyllis Anderson","City":"Memphis","StateProvince":"Tennessee","PostalCode":"38114"}
{"CustomerName":"Irene Andrews","City":"Saint Augustine","StateProvince":"Florida","PostalCode":"32092"}
{"CustomerName":"Bobby Nelson","City":"Winston Salem","StateProvince":"North Carolina","PostalCode":"27157"}
{"CustomerName":"Russell Garrett","City":"Santa Clara","StateProvince":"California","PostalCode":"95054"}
{"CustomerName":"Kathryn Brown","City":"Redwood City","StateProvince":"California","PostalCode":"94064"}
{"CustomerName":"Richard Harris","City":"Pasadena","StateProvince":"California","PostalCode":"91186"}
{"CustomerName":"Brian Fox","City":"Saint Augustine","StateProvince":"Florida","PostalCode":"32092"}
{"CustomerName":"Louise Martinez","City":"Pasadena","StateProvince":"California","PostalCode":"91103"}
{"CustomerName":"Norma Riley","City":"Waterbury","StateProvince":"Connecticut","PostalCode":"06721"}
{"CustomerName":"Joshua Williams","City":"Tulsa","StateProvince":"Oklahoma","PostalCode":"74141"}
{"CustomerName":"Matthew Willis","City":"Nashville","StateProvince":"Tennessee","PostalCode":"37235"}
{"CustomerName":"Martha Gonzales","City":"Memphis","StateProvince":"Tennessee","PostalCode":"38131"}
{"CustomerName":"Judith Olson","City":"Gainesville","StateProvince":"Florida","PostalCode":"32610"}
{"CustomerName":"Shirley Webb","City":"Charleston","StateProvince":"South Carolina","PostalCode":"29416"}
{"CustomerName":"Debra Bailey","City":"New York City","StateProvince":"New York","PostalCode":"10165"}
{"CustomerName":"Wayne Hamilton","City":"Portland","StateProvince":"Oregon","PostalCode":"97221"}
{"CustomerName":"Ruby Wilson","City":"Washington","StateProvince":"District of Columbia","PostalCode":"20238"}
{"CustomerName":"Alan Hughes","City":"Monroe","StateProvince":"Louisiana","PostalCode":"71208"}
{"CustomerName":"Andrew Howell","City":"Denver","StateProvince":"Colorado","PostalCode":"80204"}
{"CustomerName":"Kimberly Wallace","City":"Tacoma","StateProvince":"Washington","PostalCode":"98447"}
{"CustomerName":"Patricia Moreno","City":"Santa Barbara","StateProvince":"California","PostalCode":"93111"}
{"CustomerName":"Maria Harper","City":"New York City","StateProvince":"New York","PostalCode":"10120"}
{"CustomerName":"Nicholas Jacobs","City":"Miami","StateProvince":"Florida","PostalCode":"33180"}
{"CustomerName":"Janet Hawkins","City":"Greensboro","StateProvince":"North Carolina","PostalCode":"27404"}
{"CustomerName":"Cynthia Lawson","City":"Kansas City","StateProvince":"Kansas","PostalCode":"66105"}
{"CustomerName":"Linda Day","City":"Chicago","StateProvince":"Illinois","PostalCode":"60697"}
{"CustomerName":"Amy Hill","City":"Philadelphia","StateProvince":"Pennsylvania","PostalCode":"19115"}
{"CustomerName":"Lisa Cox","City":"Houston","StateProvince":"Texas","PostalCode":"77276"}
{"CustomerName":"Shawn Allen","City":"Saint Louis","StateProvince":"Missouri","PostalCode":"63121"}
{"CustomerName":"Phyllis Alvarez","City":"Flint","StateProvince":"Michigan","PostalCode":"48505"}
{"CustomerName":"Anthony Adams","City":"Lafayette","StateProvince":"Louisiana","PostalCode":"70593"}
{"CustomerName":"Ann Reynolds","City":"Knoxville","StateProvince":"Tennessee","PostalCode":"37931"}
{"CustomerName":"Clarence Wilson","City":"Philadelphia","StateProvince":"Pennsylvania","PostalCode":"19115"}
{"CustomerName":"Virginia Mitchell","City":"Chicago","StateProvince":"Illinois","PostalCode":"60646"}
{"CustomerName":"Janice Myers","City":"Detroit","StateProvince":"Michigan","PostalCode":"48275"}
{"CustomerName":"Anna Griffin","City":"El Paso","StateProvince":"Texas","PostalCode":"88569"}
{"CustomerName":"Mary Martin","City":"Kansas City","StateProvince":"Kansas","PostalCode":"66105"}
{"CustomerName":"Donald Howell","City":"Aiken","StateProvince":"South Carolina","PostalCode":"29805"}
{"CustomerName":"Rose Reyes","City":"Houston","StateProvince":"Texas","PostalCode":"77288"}
{"CustomerName":"Joyce Gonzalez","City":"El Paso","StateProvince":"Texas","PostalCode":"79989"}
{"CustomerName":"Howard Mitchell","City":"Colorado Springs","StateProvince":"Colorado","PostalCode":"80915"}
{"CustomerName":"Russell Johnson","City":"Springfield","StateProvince":"Illinois","PostalCode":"62705"}
{"CustomerName":"Tina Chapman","City":"Charleston","StateProvince":"West Virginia","PostalCode":"25326"}
{"CustomerName":"Paul Warren","City":"Huntsville","StateProvince":"Texas","PostalCode":"77343"}
{"CustomerName":"Timothy Jacobs","City":"Indianapolis","StateProvince":"Indiana","PostalCode":"46221"}
{"CustomerName":"Harry Phillips","City":"Arlington","StateProvince":"Texas","PostalCode":"76011"}
{"CustomerName":"Dorothy Porter","City":"Cincinnati","StateProvince":"Ohio","PostalCode":"45213"}
{"CustomerName":"Henry Willis","City":"Silver Spring","StateProvince":"Maryland","PostalCode":"20910"}
{"CustomerName":"Wayne Parker","City":"Greensboro","StateProvince":"North Carolina","PostalCode":"27455"}
{"CustomerName":"Willie Hart","City":"Akron","StateProvince":"Ohio","PostalCode":"44321"}
{"CustomerName":"Clarence Watkins","City":"El Paso","StateProvince":"Texas","PostalCode":"88546"}
{"CustomerName":"Betty Holmes","City":"Boise","StateProvince":"Idaho","PostalCode":"83705"}
{"CustomerName":"Kelly Baker","City":"Cincinnati","StateProvince":"Ohio","PostalCode":"45296"}
{"CustomerName":"Brian Johnson","City":"Richmond","StateProvince":"Virginia","PostalCode":"23260"}
{"CustomerName":"Denise Harvey","City":"Chicago","StateProvince":"Illinois","PostalCode":"60630"}
{"CustomerName":"Rebecca Nichols","City":"Fresno","StateProvince":"California","PostalCode":"93709"}
{"CustomerName":"Bruce Carter","City":"Atlanta","StateProvince":"Georgia","PostalCode":"30392"}
{"CustomerName":"Angela Schmidt","City":"Fort Myers","StateProvince":"Florida","PostalCode":"33906"}
{"CustomerName":"Douglas Elliott","City":"Kansas City","StateProvince":"Kansas","PostalCode":"66160"}
{"CustomerName":"Billy Bailey","City":"San Bernardino","StateProvince":"California","PostalCode":"92410"}
{"CustomerName":"Ryan Kelley","City":"Saint Louis","StateProvince":"Missouri","PostalCode":"63110"}
{"CustomerName":"Martin Carroll","City":"Sarasota","StateProvince":"Florida","PostalCode":"34276"}
{"CustomerName":"Anne Chavez","City":"Sandy","StateProvince":"Utah","PostalCode":"84093"}
{"CustomerName":"Jonathan Washington","City":"Montgomery","StateProvince":"Alabama","PostalCode":"36177"}
{"CustomerName":"Keith Martinez","City":"Pocatello","StateProvince":"Idaho","PostalCode":"83206"}
{"CustomerName":"Donald Owens","City":"Raleigh","StateProvince":"North Carolina","PostalCode":"27658"}
{"CustomerName":"Justin Simpson","City":"Spokane","StateProvince":"Washington","PostalCode":"99205"}
{"CustomerName":"Ann Peters","City":"Des Moines","StateProvince":"Iowa","PostalCode":"50315"}
{"CustomerName":"Betty Austin","City":"New York City","StateProvince":"New York","PostalCode":"10184"}
{"CustomerName":"Bobby Davis","City":"Mountain View","StateProvince":"California","PostalCode":"94042"}
{"CustomerName":"Shirley Myers","City":"Shawnee Mission","StateProvince":"Kansas","PostalCode":"66225"}
{"CustomerName":"Annie Powell","City":"New Orleans","StateProvince":"Louisiana","PostalCode":"70160"}
{"CustomerName":"Christina Stephens","City":"Saint Paul","StateProvince":"Minnesota","PostalCode":"55115"}
{"CustomerName":"Mary Reed","City":"Bronx","StateProvince":"New York","PostalCode":"10474"}
{"CustomerName":"Charles Hunt","City":"Silver Spring","StateProvince":"Maryland","PostalCode":"20918"}
{"CustomerName":"Sara Hawkins","City":"Montgomery","StateProvince":"Alabama","PostalCode":"36119"}
{"CustomerName":"Paul Gonzales","City":"Fresno","StateProvince":"California","PostalCode":"93726"}
{"CustomerName":"Diana Bowman","City":"Tacoma","StateProvince":"Washington","PostalCode":"98481"}
{"CustomerName":"Gloria Bailey","City":"Long Beach","StateProvince":"California","PostalCode":"90840"}
{"CustomerName":"Annie Harper","City":"Burbank","StateProvince":"California","PostalCode":"91520"}
{"CustomerName":"Bruce Meyer","City":"Boston","StateProvince":"Massachusetts","PostalCode":"02104"}
{"CustomerName":"Kimberly Williamson","City":"San Francisco","StateProvince":"California","PostalCode":"94110"}
{"CustomerName":"Larry White","City":"Detroit","StateProvince":"Michigan","PostalCode":"48242"}
{"CustomerName":"Edward Myers","City":"Sacramento","StateProvince":"California","PostalCode":"94273"}
{"CustomerName":"Billy Lynch","City":"Denver","StateProvince":"Colorado","PostalCode":"80291"}
{"CustomerName":"Steven Flores","City":"Falls Church","StateProvince":"Virginia","PostalCode":"22047"}
{"CustomerName":"Linda Thomas","City":"Washington","StateProvince":"District of Columbia","PostalCode":"20414"}
{"CustomerName":"Larry Hudson","City":"Seattle","StateProvince":"Washington","PostalCode":"98158"}
{"CustomerName":"Jeremy Hawkins","City":"Sacramento","StateProvince":"California","PostalCode":"95818"}
{"CustomerName":"Bonnie Gordon","City":"Saint Louis","StateProvince":"Missouri","PostalCode":"63116"}
{"CustomerName":"Dorothy Chavez","City":"Vancouver","StateProvince":"Washington","PostalCode":"98664"}
{"CustomerName":"Walter Garcia","City":"El Paso","StateProvince":"Texas","PostalCode":"88584"}
{"CustomerName":"Joyce Fernandez","City":"Cleveland","StateProvince":"Ohio","PostalCode":"44191"}
{"CustomerName":"Teresa Dunn","City":"Milwaukee","StateProvince":"Wisconsin","PostalCode":"53285"}
{"CustomerName":"Cheryl George","City":"Anderson","StateProvince":"South Carolina","PostalCode":"29625"}
{"CustomerName":"Julie Mcdonald","City":"Sioux Falls","StateProvince":"South Dakota","PostalCode":"57110"}
{"CustomerName":"Gary Owens","City":"Springfield","StateProvince":"Illinois","PostalCode":"62723"}
{"CustomerName":"Marilyn Johnston","City":"Syracuse","StateProvince":"New York","PostalCode":"13224"}
{"CustomerName":"Sean Shaw","City":"Washington","StateProvince":"District of Columbia","PostalCode":"20409"}
{"CustomerName":"Wayne Cooper","City":"Boston","StateProvince":"Massachusetts","PostalCode":"02104"}
{"CustomerName":"Debra Miller","City":"Boise","StateProvince":"Idaho","PostalCode":"83722"}
{"CustomerName":"Adam Knight","City":"San Francisco","StateProvince":"California","PostalCode":"94116"}
{"CustomerName":"Jeremy Rogers","City":"Orange","StateProvince":"California","PostalCode":"92668"}
{"CustomerName":"Sean Alvarez","City":"Santa Barbara","StateProvince":"California","PostalCode":"93150"}
{"CustomerName":"Samuel Gonzalez","City":"Savannah","StateProvince":"Georgia","PostalCode":"31422"}
{"CustomerName":"Brian Barnes","City":"Boston","StateProvince":"Massachusetts","PostalCode":"02216"}
{"CustomerName":"Ronald Williams","City":"Knoxville","StateProvince":"Tennessee","PostalCode":"37914"}
{"CustomerName":"Jason Howell","City":"Van Nuys","StateProvince":"California","PostalCode":"91406"}
{"CustomerName":"Diane Jones","City":"Pasadena","StateProvince":"California","PostalCode":"91131"}
{"CustomerName":"Donald Fernandez","City":"Seattle","StateProvince":"Washington","PostalCode":"98133"}
{"CustomerName":"Brian Peterson","City":"Austin","StateProvince":"Texas","PostalCode":"78783"}
{"CustomerName":"Cheryl Bishop","City":"Fresno","StateProvince":"California","PostalCode":"93715"}
{"CustomerName":"Julie Sanders","City":"Rochester","StateProvince":"New York","PostalCode":"14619"}
{"CustomerName":"Kimberly Henderson","City":"Denver","StateProvince":"Colorado","PostalCode":"80243"}
{"CustomerName":"Doris Morris","City":"Wilmington","StateProvince":"Delaware","PostalCode":"19892"}
{"CustomerName":"Michael Hunter","City":"New York City","StateProvince":"New York","PostalCode":"10009"}
{"CustomerName":"Sarah Burton","City":"Fort Wayne","StateProvince":"Indiana","PostalCode":"46862"}
{"CustomerName":"Eric Gray","City":"Albany","StateProvince":"New York","PostalCode":"12222"}
{"CustomerName":"Rose Dunn","City":"College Station","StateProvince":"Texas","PostalCode":"77844"}
{"CustomerName":"Martin Flores","City":"Spring","StateProvince":"Texas","PostalCode":"77388"}
{"CustomerName":"Judy Jacobs","City":"Lynn","StateProvince":"Massachusetts","PostalCode":"01905"}
{"CustomerName":"Ann Ray","City":"Saint Louis","StateProvince":"Missouri","PostalCode":"63158"}
{"CustomerName":"Emily Turner","City":"Youngstown","StateProvince":"Ohio","PostalCode":"44555"}
{"CustomerName":"Betty Gardner","City":"Oklahoma City","StateProvince":"Oklahoma","PostalCode":"73129"}
{"CustomerName":"Robin Sanders","City":"Milwaukee","StateProvince":"Wisconsin","PostalCode":"53220"}
{"CustomerName":"Joan Stephens","City":"San Diego","StateProvince":"California","PostalCode":"92127"}
{"CustomerName":"Nicole Frazier","City":"Philadelphia","StateProvince":"Pennsylvania","PostalCode":"19146"}
{"CustomerName":"Eugene Williamson","City":"Fort Pierce","StateProvince":"Florida","PostalCode":"34949"}
{"CustomerName":"Joe Kennedy","City":"Washington","StateProvince":"District of Columbia","PostalCode":"20551"}
{"CustomerName":"Harold Sullivan","City":"Denver","StateProvince":"Colorado","PostalCode":"80241"}
{"CustomerName":"Carl Bradley","City":"Gary","StateProvince":"Indiana","PostalCode":"46406"}
{"CustomerName":"Christopher Spencer","City":"Detroit","StateProvince":"Michigan","PostalCode":"48217"}
{"CustomerName":"Ann Duncan","City":"El Paso","StateProvince":"Texas","PostalCode":"79923"}
{"CustomerName":"Matthew Ruiz","City":"Portland","StateProvince":"Oregon","PostalCode":"97211"}
{"CustomerName":"David Holmes","City":"Mobile","StateProvince":"Alabama","PostalCode":"36670"}
{"CustomerName":"Steve Green","City":"Lynchburg","StateProvince":"Virginia","PostalCode":"24515"}
{"CustomerName":"Janet Bowman","City":"Panama City","StateProvince":"Florida","PostalCode":"32412"}
{"CustomerName":"Jack Rogers","City":"Abilene","StateProvince":"Texas","PostalCode":"79699"}
{"CustomerName":"Andrew Jacobs","City":"Brockton","StateProvince":"Massachusetts","PostalCode":"02405"}
{"CustomerName":"Jennifer Frazier","City":"Mobile","StateProvince":"Alabama","PostalCode":"36670"}
{"CustomerName":"Fred Andrews","City":"Amarillo","StateProvince":"Texas","PostalCode":"79176"}
{"CustomerName":"Julie Harris","City":"Yonkers","StateProvince":"New York","PostalCode":"10705"}
{"CustomerName":"Albert Russell","City":"Portland","StateProvince":"Oregon","PostalCode":"97296"}
{"CustomerName":"Brenda Cooper","City":"Stockton","StateProvince":"California","PostalCode":"95210"}
{"CustomerName":"Ruby Patterson","City":"San Bernardino","StateProvince":"California","PostalCode":"92405"}
{"CustomerName":"Jacqueline Gardner","City":"Baton Rouge","StateProvince":"Louisiana","PostalCode":"70810"}
{"CustomerName":"Aaron Gonzalez","City":"New Orleans","StateProvince":"Louisiana","PostalCode":"70187"}
{"CustomerName":"Jonathan Bennett","City":"Washington","StateProvince":"District of Columbia","PostalCode":"20205"}
{"CustomerName":"Kathryn Hunter","City":"Kansas City","StateProvince":"Missouri","PostalCode":"64160"}
{"CustomerName":"Joseph Vasquez","City":"Columbia","StateProvince":"South Carolina","PostalCode":"29208"}
{"CustomerName":"Antonio Garrett","City":"Little Rock","StateProvince":"Arkansas","PostalCode":"72204"}
{"CustomerName":"Todd Nichols","City":"Milwaukee","StateProvince":"Wisconsin","PostalCode":"53285"}
{"CustomerName":"Heather Clark","City":"San Antonio","StateProvince":"Texas","PostalCode":"78296"}
{"CustomerName":"Roger Franklin","City":"Richmond","StateProvince":"Virginia","PostalCode":"23242"}
{"CustomerName":"Rachel Harrison","City":"San Antonio","StateProvince":"Texas","PostalCode":"78205"}
{"CustomerName":"Stephen Cook","City":"Columbia","StateProvince":"South Carolina","PostalCode":"29203"}
{"CustomerName":"Patricia Taylor","City":"Anderson","StateProvince":"South Carolina","PostalCode":"29625"}
{"CustomerName":"Bonnie Rivera","City":"Boston","StateProvince":"Massachusetts","PostalCode":"02163"}
{"CustomerName":"Donald Evans","City":"Portland","StateProvince":"Oregon","PostalCode":"97232"}
{"CustomerName":"Charles Harris","City":"Peoria","StateProvince":"Illinois","PostalCode":"61656"}
{"CustomerName":"Annie Burns","City":"El Paso","StateProvince":"Texas","PostalCode":"88519"}
{"CustomerName":"Theresa Burton","City":"Reno","StateProvince":"Nevada","PostalCode":"89519"}
{"CustomerName":"Timothy Austin","City":"Fargo","StateProvince":"North Dakota","PostalCode":"58122"}
{"CustomerName":"William Powell","City":"Beaumont","StateProvince":"Texas","PostalCode":"77713"}
{"CustomerName":"Frank Reyes","City":"Seattle","StateProvince":"Washington","PostalCode":"98158"}
{"CustomerName":"James Owens","City":"Louisville","StateProvince":"Kentucky","PostalCode":"40280"}
{"CustomerName":"Judy Morgan","City":"San Jose","StateProvince":"California","PostalCode":"95133"}
{"CustomerName":"Janet Crawford","City":"Lexington","StateProvince":"Kentucky","PostalCode":"40510"}
{"CustomerName":"Jack Howell","City":"Little Rock","StateProvince":"Arkansas","PostalCode":"72209"}
{"CustomerName":"Heather Washington","City":"Nashville","StateProvince":"Tennessee","PostalCode":"37205"}
{"CustomerName":"Susan Williamson","City":"Flushing","StateProvince":"New York","PostalCode":"11355"}
{"CustomerName":"Jimmy Moreno","City":"Kansas City","StateProvince":"Missouri","PostalCode":"64142"}
{"CustomerName":"Nicole George","City":"San Bernardino","StateProvince":"California","PostalCode":"92415"}
{"CustomerName":"Randy Jones","City":"Houston","StateProvince":"Texas","PostalCode":"77015"}
{"CustomerName":"Larry Williamson","City":"Washington","StateProvince":"District of Columbia","PostalCode":"20566"}
{"CustomerName":"Rachel Spencer","City":"Atlanta","StateProvince":"Georgia","PostalCode":"31132"}
{"CustomerName":"Nancy Carter","City":"El Paso","StateProvince":"Texas","PostalCode":"79911"}
{"CustomerName":"Samuel Berry","City":"Glendale","StateProvince":"California","PostalCode":"91205"}
{"CustomerName":"Rose Baker","City":"San Jose","StateProvince":"California","PostalCode":"95160"}
{"CustomerName":"Matthew Fernandez","City":"Honolulu","StateProvince":"Hawaii","PostalCode":"96850"}
{"CustomerName":"Jessica Washington","City":"El Paso","StateProvince":"Texas","PostalCode":"88525"}
{"CustomerName":"Alice Gray","City":"San Antonio","StateProvince":"Texas","PostalCode":"78215"}
{"CustomerName":"Jennifer Smith","City":"Zephyrhills","StateProvince":"Florida","PostalCode":"33543"}
{"CustomerName":"Sandra Lynch","City":"Albany","StateProvince":"New York","PostalCode":"12210"}
{"CustomerName":"Joshua Brown","City":"Reading","StateProvince":"Pennsylvania","PostalCode":"19610"}
{"CustomerName":"Kenneth Hunter","City":"Sioux Falls","StateProvince":"South Dakota","PostalCode":"57193"}
{"CustomerName":"Martin Thompson","City":"San Diego","StateProvince":"California","PostalCode":"92145"}
{"CustomerName":"Bruce Foster","City":"Boise","StateProvince":"Idaho","PostalCode":"83727"}
{"CustomerName":"Jennifer Turner","City":"Virginia Beach","StateProvince":"Virginia","PostalCode":"23471"}
{"CustomerName":"Aaron Hernandez","City":"Portland","StateProvince":"Oregon","PostalCode":"97286"}
{"CustomerName":"Susan Hill","City":"Washington","StateProvince":"District of Columbia","PostalCode":"20268"}
{"CustomerName":"Christopher Franklin","City":"Shreveport","StateProvince":"Louisiana","PostalCode":"71130"}
{"CustomerName":"Jimmy White","City":"Houston","StateProvince":"Texas","PostalCode":"77212"}
{"CustomerName":"Jerry Ramirez","City":"Las Vegas","StateProvince":"Nevada","PostalCode":"89115"}
{"CustomerName":"Patrick Rivera","City":"San Francisco","StateProvince":"California","PostalCode":"94116"}
{"CustomerName":"Ruby Diaz","City":"Inglewood","StateProvince":"California","PostalCode":"90398"}
{"CustomerName":"David Barnes","City":"Arlington","StateProvince":"Texas","PostalCode":"76004"}
{"CustomerName":"Cynthia Schmidt","City":"Lynchburg","StateProvince":"Virginia","PostalCode":"24503"}
{"CustomerName":"Lawrence Phillips","City":"Corpus Christi","StateProvince":"Texas","PostalCode":"78426"}
{"CustomerName":"Anna Warren","City":"Toledo","StateProvince":"Ohio","PostalCode":"43666"}
{"CustomerName":"Ashley Cruz","City":"Las Vegas","StateProvince":"Nevada","PostalCode":"89130"}
{"CustomerName":"Heather Myers","City":"Santa Barbara","StateProvince":"California","PostalCode":"93150"}
{"CustomerName":"James Morris","City":"Olympia","StateProvince":"Washington","PostalCode":"98506"}
{"CustomerName":"Pamela Fisher","City":"Davenport","StateProvince":"Iowa","PostalCode":"52809"}
{"CustomerName":"Aaron Murray","City":"New York City","StateProvince":"New York","PostalCode":"10184"}
{"CustomerName":"Irene Henderson","City":"Young America","StateProvince":"Minnesota","PostalCode":"55564"}
{"CustomerName":"Gloria Ellis","City":"Dallas","StateProvince":"Texas","PostalCode":"75246"}
{"CustomerName":"Sara Romero","City":"Chattanooga","StateProvince":"Tennessee","PostalCode":"37405"}
{"CustomerName":"Mary Dunn","City":"Honolulu","StateProvince":"Hawaii","PostalCode":"96845"}
{"CustomerName":"Bruce Watson","City":"Indianapolis","StateProvince":"Indiana","PostalCode":"46278"}
{"CustomerName":"Eric Reynolds","City":"New York City","StateProvince":"New York","PostalCode":"10131"}
{"CustomerName":"Emily Garcia","City":"Portland","StateProvince":"Oregon","PostalCode":"97211"}
{"CustomerName":"Alice Carter","City":"Atlanta","StateProvince":"Georgia","PostalCode":"31136"}
{"CustomerName":"Phillip Cox","City":"Ogden","StateProvince":"Utah","PostalCode":"84409"}
{"CustomerName":"Nancy Gutierrez","City":"Orlando","StateProvince":"Florida","PostalCode":"32891"}
{"CustomerName":"Carl Sims","City":"Houston","StateProvince":"Texas","PostalCode":"77055"}
{"CustomerName":"Diana Armstrong","City":"Kingsport","StateProvince":"Tennessee","PostalCode":"37665"}
{"CustomerName":"Ruth Ryan","City":"Harrisburg","StateProvince":"Pennsylvania","PostalCode":"17121"}
{"CustomerName":"Ruth Kennedy","City":"Memphis","StateProvince":"Tennessee","PostalCode":"38143"}
{"CustomerName":"James Wells","City":"Memphis","StateProvince":"Tennessee","PostalCode":"38168"}
{"CustomerName":"Marie Russell","City":"Las Vegas","StateProvince":"Nevada","PostalCode":"89166"}
{"CustomerName":"Wayne Graham","City":"Reston","StateProvince":"Virginia","PostalCode":"20195"}
{"CustomerName":"Carlos Day","City":"Cincinnati","StateProvince":"Ohio","PostalCode":"45238"}
{"CustomerName":"Julie Garrett","City":"Pensacola","StateProvince":"Florida","PostalCode":"32595"}
{"CustomerName":"Charles Kennedy","City":"Schenectady","StateProvince":"New York","PostalCode":"12325"}
{"CustomerName":"Albert Parker","City":"Pensacola","StateProvince":"Florida","PostalCode":"32511"}
{"CustomerName":"David Freeman","City":"Dayton","StateProvince":"Ohio","PostalCode":"45419"}
{"CustomerName":"Jeremy Bowman","City":"Las Vegas","StateProvince":"Nevada","PostalCode":"89105"}
{"CustomerName":"George Rose","City":"Peoria","StateProvince":"Illinois","PostalCode":"61635"}
{"CustomerName":"Jimmy Phillips","City":"Newport News","StateProvince":"Virginia","PostalCode":"23605"}
{"CustomerName":"Jane Kennedy","City":"Roanoke","StateProvince":"Virginia","PostalCode":"24040"}
{"CustomerName":"Phillip Butler","City":"Shreveport","StateProvince":"Louisiana","PostalCode":"71115"}
{"CustomerName":"Johnny Fisher","City":"Fort Lauderdale","StateProvince":"Florida","PostalCode":"33320"}
{"CustomerName":"Rose Medina","City":"Virginia Beach","StateProvince":"Virginia","PostalCode":"23459"}
{"CustomerName":"Edward Lee","City":"Sioux City","StateProvince":"Iowa","PostalCode":"51110"}
{"CustomerName":"Randy Diaz","City":"Spokane","StateProvince":"Washington","PostalCode":"99205"}
{"CustomerName":"Shawn Robinson","City":"San Francisco","StateProvince":"California","PostalCode":"94147"}
{"CustomerName":"Cynthia Lawson","City":"Pueblo","StateProvince":"Colorado","PostalCode":"81015"}
{"CustomerName":"Ryan Long","City":"Saint Petersburg","StateProvince":"Florida","PostalCode":"33705"}
{"CustomerName":"Matthew Evans","City":"Shawnee Mission","StateProvince":"Kansas","PostalCode":"66220"}
{"CustomerName":"Henry Armstrong","City":"Austin","StateProvince":"Texas","PostalCode":"78789"}
{"CustomerName":"Paul Hansen","City":"Shreveport","StateProvince":"Louisiana","PostalCode":"71137"}
{"CustomerName":"Michelle Morris","City":"Myrtle Beach","StateProvince":"South Carolina","PostalCode":"29579"}
{"CustomerName":"Cynthia Moore","City":"Toledo","StateProvince":"Ohio","PostalCode":"43666"}
{"CustomerName":"Patricia Henry","City":"Sacramento","StateProvince":"California","PostalCode":"94230"}
{"CustomerName":"Terry Kennedy","City":"Bradenton","StateProvince":"Florida","PostalCode":"34210"}
{"CustomerName":"Scott Schmidt","City":"Cleveland","StateProvince":"Ohio","PostalCode":"44185"}
{"CustomerName":"John Cruz","City":"Los Angeles","StateProvince":"California","PostalCode":"90094"}
{"CustomerName":"Randy Porter","City":"Lansing","StateProvince":"Michigan","PostalCode":"48919"}
{"CustomerName":"Donna Gonzalez","City":"Fort Worth","StateProvince":"Texas","PostalCode":"76110"}
{"CustomerName":"Anne Gray","City":"Cincinnati","StateProvince":"Ohio","PostalCode":"45203"}
{"CustomerName":"Patricia Scott","City":"Charlotte","StateProvince":"North Carolina","PostalCode":"28256"}
{"CustomerName":"Eric Medina","City":"Fullerton","StateProvince":"California","PostalCode":"92640"}
{"CustomerName":"David Rivera","City":"Alexandria","StateProvince":"Virginia","PostalCode":"22313"}
{"CustomerName":"David Graham","City":"Fort Wayne","StateProvince":"Indiana","PostalCode":"46814"}
{"CustomerName":"Brandon Jackson","City":"Lincoln","StateProvince":"Nebraska","PostalCode":"68531"}
{"CustomerName":"Lawrence Hudson","City":"Waco","StateProvince":"Texas","PostalCode":"76705"}
{"CustomerName":"Sara Payne","City":"Carson City","StateProvince":"Nevada","PostalCode":"89714"}
{"CustomerName":"Walter Wood","City":"Mesquite","StateProvince":"Texas","PostalCode":"75185"}
{"CustomerName":"Billy Bishop","City":"Greensboro","StateProvince":"North Carolina","PostalCode":"27415"}
{"CustomerName":"Diane Woods","City":"Washington","StateProvince":"District of Columbia","PostalCode":"20404"}
{"CustomerName":"Jason Russell","City":"Charlotte","StateProvince":"North Carolina","PostalCode":"28284"}
{"CustomerName":"Jonathan Thompson","City":"Anchorage","StateProvince":"Alaska","PostalCode":"99599"}
{"CustomerName":"Teresa Hayes","City":"Kansas City","StateProvince":"Missouri","PostalCode":"64149"}
{"CustomerName":"Eugene Watson","City":"Pompano Beach","StateProvince":"Florida","PostalCode":"33064"}
{"CustomerName":"Jeremy Ruiz","City":"El Paso","StateProvince":"Texas","PostalCode":"79968"}
{"CustomerName":"Janet Flores","City":"Cleveland","StateProvince":"Ohio","PostalCode":"44185"}
{"CustomerName":"Christina Gutierrez","City":"Waco","StateProvince":"Texas","PostalCode":"76711"}
{"CustomerName":"Theresa Hansen","City":"Portland","StateProvince":"Oregon","PostalCode":"97240"}
{"CustomerName":"Lisa Lopez","City":"Los Angeles","StateProvince":"California","PostalCode":"90065"}
{"CustomerName":"Wanda Weaver","City":"Bowie","StateProvince":"Maryland","PostalCode":"20719"}
{"CustomerName":"Annie Lawson","City":"Joliet","StateProvince":"Illinois","PostalCode":"60435"}
{"CustomerName":"Heather Myers","City":"South Bend","StateProvince":"Indiana","PostalCode":"46620"}
{"CustomerName":"Ann Nguyen","City":"Hamilton","StateProvince":"Ohio","PostalCode":"45020"}
{"CustomerName":"Kelly Hill","City":"Canton","StateProvince":"Ohio","PostalCode":"44710"}
{"CustomerName":"Catherine Reyes","City":"Portland","StateProvince":"Oregon","PostalCode":"97255"}
{"CustomerName":"Joe Rivera","City":"Orlando","StateProvince":"Florida","PostalCode":"32813"}
{"CustomerName":"Raymond Tucker","City":"San Bernardino","StateProvince":"California","PostalCode":"92424"}
{"CustomerName":"Eugene Larson","City":"Atlanta","StateProvince":"Georgia","PostalCode":"30356"}
{"CustomerName":"Lisa Moore","City":"Jackson","StateProvince":"Tennessee","PostalCode":"38308"}
{"CustomerName":"Kathy Ford","City":"Washington","StateProvince":"District of Columbia","PostalCode":"20268"}
{"CustomerName":"Gloria Hunter","City":"Des Moines","StateProvince":"Iowa","PostalCode":"50347"}
{"CustomerName":"Aaron Banks","City":"Tampa","StateProvince":"Florida","PostalCode":"33615"}
{"CustomerName":"Jonathan Turner","City":"Mesa","StateProvince":"Arizona","PostalCode":"85205"}
{"CustomerName":"Carolyn Shaw","City":"Dallas","StateProvince":"Texas","PostalCode":"75310"}
{"CustomerName":"Stephanie Rodriguez","City":"Providence","StateProvince":"Rhode Island","PostalCode":"02912"}
{"CustomerName":"Kimberly Collins","City":"Houston","StateProvince":"Texas","PostalCode":"77035"}
{"CustomerName":"Annie Rivera","City":"Houston","StateProvince":"Texas","PostalCode":"77299"}
{"CustomerName":"Steve Bradley","City":"Charlotte","StateProvince":"North Carolina","PostalCode":"28284"}
{"CustomerName":"Jeremy Dunn","City":"Erie","StateProvince":"Pennsylvania","PostalCode":"16522"}
{"CustomerName":"Nicole Gonzales","City":"Lexington","StateProvince":"Kentucky","PostalCode":"40505"}
{"CustomerName":"Sarah Palmer","City":"Des Moines","StateProvince":"Iowa","PostalCode":"50335"}
{"CustomerName":"Kathleen Myers","City":"Milwaukee","StateProvince":"Wisconsin","PostalCode":"53205"}
{"CustomerName":"Maria Ferguson","City":"Honolulu","StateProvince":"Hawaii","PostalCode":"96815"}
{"CustomerName":"Ryan Parker","City":"Springfield","StateProvince":"Massachusetts","PostalCode":"01152"}
{"CustomerName":"Todd Gomez","City":"Saint Augustine","StateProvince":"Florida","PostalCode":"32092"}
{"CustomerName":"Beverly Harrison","City":"Indianapolis","StateProvince":"Indiana","PostalCode":"46239"}
{"CustomerName":"Henry Lee","City":"Tucson","StateProvince":"Arizona","PostalCode":"85743"}
{"CustomerName":"Rachel Grant","City":"Canton","StateProvince":"Ohio","PostalCode":"44720"}
{"CustomerName":"Jack Stone","City":"Oakland","StateProvince":"California","PostalCode":"94660"}
{"CustomerName":"Emily Rice","City":"Greensboro","StateProvince":"North Carolina","PostalCode":"27499"}
{"CustomerName":"Diana Cunningham","City":"Houston","StateProvince":"Texas","PostalCode":"77255"}
{"CustomerName":"Ernest Hernandez","City":"Greensboro","StateProvince":"North Carolina","PostalCode":"27409"}
{"CustomerName":"Jennifer Howell","City":"Jefferson City","StateProvince":"Missouri","PostalCode":"65110"}
{"CustomerName":"Christopher Sullivan","City":"Atlanta","StateProvince":"Georgia","PostalCode":"30328"}
{"CustomerName":"Paula Miller","City":"Irvine","StateProvince":"California","PostalCode":"92612"}
{"CustomerName":"Jacqueline Hill","City":"Colorado Springs","StateProvince":"Colorado","PostalCode":"80925"}
{"CustomerName":"Katherine Tucker","City":"Fort Smith","StateProvince":"Arkansas","PostalCode":"72916"}
{"CustomerName":"Sandra Edwards","City":"Lexington","StateProvince":"Kentucky","PostalCode":"40596"}
{"CustomerName":"Anna Robinson","City":"Laredo","StateProvince":"Texas","PostalCode":"78044"}
{"CustomerName":"Chris Parker","City":"Topeka","StateProvince":"Kansas","PostalCode":"66699"}
{"CustomerName":"Jeremy Sanchez","City":"El Paso","StateProvince":"Texas","PostalCode":"79968"}
{"CustomerName":"Martin Powell","City":"Washington","StateProvince":"District of Columbia","PostalCode":"20370"}
{"CustomerName":"Andrea Dixon","City":"Houston","StateProvince":"Texas","PostalCode":"77223"}
{"CustomerName":"Joseph Collins","City":"Gary","StateProvince":"Indiana","PostalCode":"46406"}
{"CustomerName":"Laura Edwards","City":"Peoria","StateProvince":"Illinois","PostalCode":"61651"}
{"CustomerName":"Laura Vasquez","City":"Pasadena","StateProvince":"Texas","PostalCode":"77505"}
{"CustomerName":"Ernest Weaver","City":"Detroit","StateProvince":"Michigan","PostalCode":"48258"}
{"CustomerName":"Phillip Johnston","City":"Los Angeles","StateProvince":"California","PostalCode":"90065"}
{"CustomerName":"Amy Arnold","City":"Mesa","StateProvince":"Arizona","PostalCode":"85215"}
{"CustomerName":"Pamela Harvey","City":"Houston","StateProvince":"Texas","PostalCode":"77090"}
{"CustomerName":"Fred Myers","City":"Raleigh","StateProvince":"North Carolina","PostalCode":"27605"}
{"CustomerName":"Terry Howell","City":"San Diego","StateProvince":"California","PostalCode":"92160"}
{"CustomerName":"Willie Rivera","City":"Macon","StateProvince":"Georgia","PostalCode":"31296"}
{"CustomerName":"Judith Matthews","City":"Minneapolis","StateProvince":"Minnesota","PostalCode":"55458"}
{"CustomerName":"Tina Franklin","City":"Des Moines","StateProvince":"Iowa","PostalCode":"50310"}
{"CustomerName":"Kelly Rice","City":"New York City","StateProvince":"New York","PostalCode":"10009"}
{"CustomerName":"Sarah White","City":"Roanoke","StateProvince":"Virginia","PostalCode":"24020"}
{"CustomerName":"Harry Elliott","City":"Austin","StateProvince":"Texas","PostalCode":"78754"}
{"CustomerName":"Paula Hicks","City":"Omaha","StateProvince":"Nebraska","PostalCode":"68197"}
{"CustomerName":"Christine Bradley","City":"Salt Lake City","StateProvince":"Utah","PostalCode":"84170"}
{"CustomerName":"Amanda Johnson","City":"Fresno","StateProvince":"California","PostalCode":"93726"}
{"CustomerName":"Harry Sims","City":"Lexington","StateProvince":"Kentucky","PostalCode":"40586"}
{"CustomerName":"Carl Bennett","City":"Silver Spring","StateProvince":"Maryland","PostalCode":"20904"}
{"CustomerName":"Kathy Sullivan","City":"Fayetteville","StateProvince":"North Carolina","PostalCode":"28305"}
{"CustomerName":"Mary Mendoza","City":"Warren","StateProvince":"Michigan","PostalCode":"48092"}
{"CustomerName":"Norma Hart","City":"Erie","StateProvince":"Pennsylvania","PostalCode":"16534"}
{"CustomerName":"Kimberly Williams","City":"Lafayette","StateProvince":"Louisiana","PostalCode":"70505"}
{"CustomerName":"Sharon Rivera","City":"Kansas City","StateProvince":"Missouri","PostalCode":"64144"}
{"CustomerName":"Earl Smith","City":"Knoxville","StateProvince":"Tennessee","PostalCode":"37924"}
{"CustomerName":"John Howell","City":"Washington","StateProvince":"District of Columbia","PostalCode":"20409"}
{"CustomerName":"Maria Dean","City":"Ogden","StateProvince":"Utah","PostalCode":"84403"}
{"CustomerName":"Scott Miller","City":"Grand Rapids","StateProvince":"Michigan","PostalCode":"49560"}
{"CustomerName":"Elizabeth Morales","City":"Seattle","StateProvince":"Washington","PostalCode":"98148"}
{"CustomerName":"Benjamin Hill","City":"Omaha","StateProvince":"Nebraska","PostalCode":"68105"}
{"CustomerName":"Jeremy Gardner","City":"Madison","StateProvince":"Wisconsin","PostalCode":"53785"}
{"CustomerName":"Roger Cook","City":"Washington","StateProvince":"District of Columbia","PostalCode":"20005"}
{"CustomerName":"Scott Hudson","City":"Oklahoma City","StateProvince":"Oklahoma","PostalCode":"73179"}
{"CustomerName":"Jerry Stewart","City":"Tulsa","StateProvince":"Oklahoma","PostalCode":"74103"}
{"CustomerName":"Debra Holmes","City":"Boca Raton","StateProvince":"Florida","PostalCode":"33432"}
{"CustomerName":"Frances Banks","City":"Brooklyn","StateProvince":"New York","PostalCode":"11241"}
{"CustomerName":"Diane Freeman","City":"Washington","StateProvince":"District of Columbia","PostalCode":"20503"}
{"CustomerName":"Christopher Russell","City":"Washington","StateProvince":"District of Columbia","PostalCode":"20551"}
{"CustomerName":"Roy Thompson","City":"Topeka","StateProvince":"Kansas","PostalCode":"66629"}
{"CustomerName":"Wayne Lynch","City":"Henderson","StateProvince":"Nevada","PostalCode":"89012"}
{"CustomerName":"Matthew Arnold","City":"El Paso","StateProvince":"Texas","PostalCode":"88519"}
{"CustomerName":"Kimberly Arnold","City":"Corpus Christi","StateProvince":"Texas","PostalCode":"78475"}
{"CustomerName":"Clarence Johnston","City":"Amarillo","StateProvince":"Texas","PostalCode":"79182"}
{"CustomerName":"Anthony Taylor","City":"Danbury","StateProvince":"Connecticut","PostalCode":"06816"}
{"CustomerName":"Amanda Sanchez","City":"Milwaukee","StateProvince":"Wisconsin","PostalCode":"53277"}
{"CustomerName":"Jane Carroll","City":"Montgomery","StateProvince":"Alabama","PostalCode":"36119"}
{"CustomerName":"Jerry Bowman","City":"Lawrenceville","StateProvince":"Georgia","PostalCode":"30245"}
{"CustomerName":"Andrew Ross","City":"Washington","StateProvince":"District of Columbia","PostalCode":"20508"}
{"CustomerName":"Nancy Frazier","City":"Maple Plain","StateProvince":"Minnesota","PostalCode":"55572"}
{"CustomerName":"Dorothy Ferguson","City":"San Diego","StateProvince":"California","PostalCode":"92105"}
{"CustomerName":"Virginia Cunningham","City":"Aurora","StateProvince":"Colorado","PostalCode":"80044"}
{"CustomerName":"Ronald Stephens","City":"Miami","StateProvince":"Florida","PostalCode":"33129"}
{"CustomerName":"Mark Berry","City":"New York City","StateProvince":"New York","PostalCode":"10045"}
{"CustomerName":"Steven Vasquez","City":"Topeka","StateProvince":"Kansas","PostalCode":"66629"}
{"CustomerName":"Marilyn Bell","City":"North Little Rock","StateProvince":"Arkansas","PostalCode":"72118"}
{"CustomerName":"Jessica Webb","City":"Huntington","StateProvince":"West Virginia","PostalCode":"25770"}
{"CustomerName":"Edward Fuller","City":"Charlotte","StateProvince":"North Carolina","PostalCode":"28242"}
{"CustomerName":"Phillip Cooper","City":"Flushing","StateProvince":"New York","PostalCode":"11355"}
{"CustomerName":"Wayne Sanders","City":"Biloxi","StateProvince":"Mississippi","PostalCode":"39534"}
{"CustomerName":"Keith Jordan","City":"Hyattsville","StateProvince":"Maryland","PostalCode":"20784"}
{"CustomerName":"David Wright","City":"Atlanta","StateProvince":"Georgia","PostalCode":"30343"}
{"CustomerName":"Phyllis Dean","City":"Clearwater","StateProvince":"Florida","PostalCode":"33758"}
{"CustomerName":"Jack Rice","City":"Pompano Beach","StateProvince":"Florida","PostalCode":"33069"}
{"CustomerName":"Jennifer Stone","City":"Durham","StateProvince":"North Carolina","PostalCode":"27705"}
{"CustomerName":"Catherine Hansen","City":"Brooklyn","StateProvince":"New York","PostalCode":"11231"}
{"CustomerName":"Katherine Wood","City":"Young America","StateProvince":"Minnesota","PostalCode":"55557"}
{"CustomerName":"Judy Lopez","City":"Schaumburg","StateProvince":"Illinois","PostalCode":"60193"}
{"CustomerName":"Walter Hughes","City":"Houston","StateProvince":"Texas","PostalCode":"77025"}
{"CustomerName":"Juan Martin","City":"Birmingham","StateProvince":"Alabama","PostalCode":"35205"}
{"CustomerName":"Jacqueline Gibson","City":"Philadelphia","StateProvince":"Pennsylvania","PostalCode":"19160"}
{"CustomerName":"Jose Nichols","City":"Pittsburgh","StateProvince":"Pennsylvania","PostalCode":"15205"}
{"CustomerName":"Judy Elliott","City":"Vancouver","StateProvince":"Washington","PostalCode":"98664"}
{"CustomerName":"Michelle Carpenter","City":"Rochester","StateProvince":"Minnesota","PostalCode":"55905"}
{"CustomerName":"Brandon Wallace","City":"Dallas","StateProvince":"Texas","PostalCode":"75241"}
{"CustomerName":"Julie Coleman","City":"Austin","StateProvince":"Texas","PostalCode":"78764"}