{"CustomerName":"Louis Robertson","City":"El Paso","StateProvince":"Texas","PostalCode":"88579"}
{"CustomerName":"Howard Rose","City":"Oxnard","StateProvince":"California","PostalCode":"93034"}
{"CustomerName":"Kathryn Flores","City":"Baltimore","StateProvince":"Maryland","PostalCode":"21281"}
{"CustomerName":"Earl Arnold","City":"Houston","StateProvince":"Texas","PostalCode":"77271"}
{"CustomerName":"Jennifer Patterson","City":"Los Angeles","StateProvince":"California","PostalCode":"90035"}
{"CustomerName":"Kelly Mcdonald","City":"Salt Lake City","StateProvince":"Utah","PostalCode":"84135"}
{"CustomerName":"Anna Turner","City":"Lafayette","StateProvince":"Louisiana","PostalCode":"70505"}
{"CustomerName":"Michelle King","City":"Tacoma","StateProvince":"Washington","PostalCode":"98481"}
{"CustomerName":"Terry Flores","City":"Charlotte","StateProvince":"North Carolina","PostalCode":"28272"}
{"CustomerName":"Helen Carr","City":"Lancaster","StateProvince":"Pennsylvania","PostalCode":"17622"}
{"CustomerName":"Stephen Schmidt","City":"Dallas","StateProvince":"Texas","PostalCode":"75205"}
{"CustomerName":"Mary Moore","City":"Seattle","StateProvince":"Washington","PostalCode":"98121"}
{"CustomerName":"Thomas Griffin","City":"Jersey City","StateProvince":"New Jersey","PostalCode":"07310"}
{"CustomerName":"Steve Kelley","City":"Orlando","StateProvince":"Florida","PostalCode":"32885"}
{"CustomerName":"Louis Duncan","City":"Washington","StateProvince":"District of Columbia","PostalCode":"20022"}
{"CustomerName":"Margaret Gordon","City":"Atlanta","StateProvince":"Georgia","PostalCode":"31119"}
{"CustomerName":"William Reid","City":"Miami","StateProvince":"Florida","PostalCode":"33233"}
{"CustomerName":"Sean Morrison","City":"Buffalo","StateProvince":"New York","PostalCode":"14210"}
{"CustomerName":"Keith Sanchez","City":"New Orleans","StateProvince":"Louisiana","PostalCode":"70124"}
{"CustomerName":"Paul Larson","City":"Bradenton","StateProvince":"Florida","PostalCode":"34210"}
{"CustomerName":"Robert Carter","City":"Fort Worth","StateProvince":"Texas","PostalCode":"76198"}